f:\逆向从入门到改行\driver-12\driverutil10\driverutil10\x64\release\vc140.pdb
f:\逆向从入门到改行\driver-12\driverutil10\driverutil10\x64\release\ktdi.obj
f:\逆向从入门到改行\driver-12\driverutil10\driverutil10\x64\release\ksocket.obj
f:\逆向从入门到改行\driver-12\driverutil10\driverutil10\x64\release\inet.obj
f:\逆向从入门到改行\driver-12\driverutil10\driverutil10\x64\release\endian.obj
f:\逆向从入门到改行\driver-12\driverutil10\driverutil10\x64\release\util_version.obj
f:\逆向从入门到改行\driver-12\driverutil10\driverutil10\x64\release\util_idt.obj
f:\逆向从入门到改行\driver-12\driverutil10\driverutil10\x64\release\typeinfo.obj
f:\逆向从入门到改行\driver-12\driverutil10\driverutil10\x64\release\test_util.obj
f:\逆向从入门到改行\driver-12\driverutil10\driverutil10\x64\release\tdi_fw.obj
f:\逆向从入门到改行\driver-12\driverutil10\driverutil10\x64\release\stdcpp.obj
f:\逆向从入门到改行\driver-12\driverutil10\driverutil10\x64\release\patchguardpatch.obj
f:\逆向从入门到改行\driver-12\driverutil10\driverutil10\x64\release\nt_patchguard.obj
f:\逆向从入门到改行\driver-12\driverutil10\driverutil10\x64\release\ntreg.obj
f:\逆向从入门到改行\driver-12\driverutil10\driverutil10\x64\release\ntos_util.obj
f:\逆向从入门到改行\driver-12\driverutil10\driverutil10\x64\release\ntfile.obj
f:\逆向从入门到改行\driver-12\driverutil10\driverutil10\x64\release\mem_util.obj
f:\逆向从入门到改行\driver-12\driverutil10\driverutil10\x64\release\main.obj
f:\逆向从入门到改行\driver-12\driverutil10\driverutil10\x64\release\log.obj
f:\逆向从入门到改行\driver-12\driverutil10\driverutil10\x64\release\kernel_stl.obj
f:\逆向从入门到改行\driver-12\driverutil10\driverutil10\x64\release\hookx64.obj
f:\逆向从入门到改行\driver-12\driverutil10\driverutil10\x64\release\fnparse.obj
f:\逆向从入门到改行\driver-12\driverutil10\driverutil10\x64\release\driver.obj
f:\逆向从入门到改行\driver-12\driverutil10\driverutil10\x64\release\distorm3.obj
f:\逆向从入门到改行\driver-12\driverutil10\driverutil10\x64\release\device.obj
f:\逆向从入门到改行\driver-12\driverutil10\driverutil10\x64\release\wsksocket.obj
f:\逆向从入门到改行\driver-12\driverutil10\driverutil10\x64\release\write_jmp.obj
f:\逆向从入门到改行\driver-12\driverutil10\driverutil10\x64\release\winx.obj
f:\逆向从入门到改行\driver-12\driverutil10\driverutil10\x64\release\idthook.obj
f:\逆向从入门到改行\driver-12\driverutil10\driverutil10\x64\release\pgdisable.obj
f:\逆向从入门到改行\driver-12\driverutil10\driverutil10\x64\release\pgdisablehooker.obj
f:\逆向从入门到改行\driver-12\driverutil10\x64\release\driverutil10\mydriver.cat
f:\逆向从入门到改行\driver-12\driverutil10\x64\release\driverutil10.sys
c:\symbols\driverutil10.pdb
f:\逆向从入门到改行\driver-12\driverutil10\driverutil10\x64\release\mydriver.inf
f:\逆向从入门到改行\driver-12\driverutil10\x64\release\driverutil10.cer
f:\逆向从入门到改行\driver-12\driverutil10\driverutil10\x64\release\driverutil10.tlog\cl.command.1.tlog
f:\逆向从入门到改行\driver-12\driverutil10\driverutil10\x64\release\driverutil10.tlog\cl.read.1.tlog
f:\逆向从入门到改行\driver-12\driverutil10\driverutil10\x64\release\driverutil10.tlog\cl.write.1.tlog
f:\逆向从入门到改行\driver-12\driverutil10\driverutil10\x64\release\driverutil10.tlog\driverutil10.write.1u.tlog
f:\逆向从入门到改行\driver-12\driverutil10\driverutil10\x64\release\driverutil10.tlog\inf2cat-expand.10060.read.1.tlog
f:\逆向从入门到改行\driver-12\driverutil10\driverutil10\x64\release\driverutil10.tlog\inf2cat-expand.10060.write.1.tlog
f:\逆向从入门到改行\driver-12\driverutil10\driverutil10\x64\release\driverutil10.tlog\inf2cat-expand.10152.read.1.tlog
f:\逆向从入门到改行\driver-12\driverutil10\driverutil10\x64\release\driverutil10.tlog\inf2cat-expand.10152.write.1.tlog
f:\逆向从入门到改行\driver-12\driverutil10\driverutil10\x64\release\driverutil10.tlog\inf2cat-expand.10336.read.1.tlog
f:\逆向从入门到改行\driver-12\driverutil10\driverutil10\x64\release\driverutil10.tlog\inf2cat-expand.10336.write.1.tlog
f:\逆向从入门到改行\driver-12\driverutil10\driverutil10\x64\release\driverutil10.tlog\inf2cat-expand.10388.read.1.tlog
f:\逆向从入门到改行\driver-12\driverutil10\driverutil10\x64\release\driverutil10.tlog\inf2cat-expand.10388.write.1.tlog
f:\逆向从入门到改行\driver-12\driverutil10\driverutil10\x64\release\driverutil10.tlog\inf2cat-expand.10572.read.1.tlog
f:\逆向从入门到改行\driver-12\driverutil10\driverutil10\x64\release\driverutil10.tlog\inf2cat-expand.10572.write.1.tlog
f:\逆向从入门到改行\driver-12\driverutil10\driverutil10\x64\release\driverutil10.tlog\inf2cat-expand.11000.read.1.tlog
f:\逆向从入门到改行\driver-12\driverutil10\driverutil10\x64\release\driverutil10.tlog\inf2cat-expand.11000.write.1.tlog
f:\逆向从入门到改行\driver-12\driverutil10\driverutil10\x64\release\driverutil10.tlog\inf2cat-expand.11016.read.1.tlog
f:\逆向从入门到改行\driver-12\driverutil10\driverutil10\x64\release\driverutil10.tlog\inf2cat-expand.11016.write.1.tlog
f:\逆向从入门到改行\driver-12\driverutil10\driverutil10\x64\release\driverutil10.tlog\inf2cat-expand.11240.read.1.tlog
f:\逆向从入门到改行\driver-12\driverutil10\driverutil10\x64\release\driverutil10.tlog\inf2cat-expand.11240.write.1.tlog
f:\逆向从入门到改行\driver-12\driverutil10\driverutil10\x64\release\driverutil10.tlog\inf2cat-expand.11540.read.1.tlog
f:\逆向从入门到改行\driver-12\driverutil10\driverutil10\x64\release\driverutil10.tlog\inf2cat-expand.11540.write.1.tlog
f:\逆向从入门到改行\driver-12\driverutil10\driverutil10\x64\release\driverutil10.tlog\inf2cat-expand.11696.read.1.tlog
f:\逆向从入门到改行\driver-12\driverutil10\driverutil10\x64\release\driverutil10.tlog\inf2cat-expand.11696.write.1.tlog
f:\逆向从入门到改行\driver-12\driverutil10\driverutil10\x64\release\driverutil10.tlog\inf2cat-expand.11804.read.1.tlog
f:\逆向从入门到改行\driver-12\driverutil10\driverutil10\x64\release\driverutil10.tlog\inf2cat-expand.11804.write.1.tlog
f:\逆向从入门到改行\driver-12\driverutil10\driverutil10\x64\release\driverutil10.tlog\inf2cat-expand.11952.read.1.tlog
f:\逆向从入门到改行\driver-12\driverutil10\driverutil10\x64\release\driverutil10.tlog\inf2cat-expand.11952.write.1.tlog
f:\逆向从入门到改行\driver-12\driverutil10\driverutil10\x64\release\driverutil10.tlog\inf2cat-expand.12088.read.1.tlog
f:\逆向从入门到改行\driver-12\driverutil10\driverutil10\x64\release\driverutil10.tlog\inf2cat-expand.12088.write.1.tlog
f:\逆向从入门到改行\driver-12\driverutil10\driverutil10\x64\release\driverutil10.tlog\inf2cat-expand.12196.read.1.tlog
f:\逆向从入门到改行\driver-12\driverutil10\driverutil10\x64\release\driverutil10.tlog\inf2cat-expand.12196.write.1.tlog
f:\逆向从入门到改行\driver-12\driverutil10\driverutil10\x64\release\driverutil10.tlog\inf2cat-expand.12520.read.1.tlog
f:\逆向从入门到改行\driver-12\driverutil10\driverutil10\x64\release\driverutil10.tlog\inf2cat-expand.12520.write.1.tlog
f:\逆向从入门到改行\driver-12\driverutil10\driverutil10\x64\release\driverutil10.tlog\inf2cat-expand.12544.read.1.tlog
f:\逆向从入门到改行\driver-12\driverutil10\driverutil10\x64\release\driverutil10.tlog\inf2cat-expand.12544.write.1.tlog
f:\逆向从入门到改行\driver-12\driverutil10\driverutil10\x64\release\driverutil10.tlog\inf2cat-expand.12652.read.1.tlog
f:\逆向从入门到改行\driver-12\driverutil10\driverutil10\x64\release\driverutil10.tlog\inf2cat-expand.12652.write.1.tlog
f:\逆向从入门到改行\driver-12\driverutil10\driverutil10\x64\release\driverutil10.tlog\inf2cat-expand.12992.read.1.tlog
f:\逆向从入门到改行\driver-12\driverutil10\driverutil10\x64\release\driverutil10.tlog\inf2cat-expand.12992.write.1.tlog
f:\逆向从入门到改行\driver-12\driverutil10\driverutil10\x64\release\driverutil10.tlog\inf2cat-expand.13132.read.1.tlog
f:\逆向从入门到改行\driver-12\driverutil10\driverutil10\x64\release\driverutil10.tlog\inf2cat-expand.13132.write.1.tlog
f:\逆向从入门到改行\driver-12\driverutil10\driverutil10\x64\release\driverutil10.tlog\inf2cat-expand.13652.read.1.tlog
f:\逆向从入门到改行\driver-12\driverutil10\driverutil10\x64\release\driverutil10.tlog\inf2cat-expand.13652.write.1.tlog
f:\逆向从入门到改行\driver-12\driverutil10\driverutil10\x64\release\driverutil10.tlog\inf2cat-expand.13948.read.1.tlog
f:\逆向从入门到改行\driver-12\driverutil10\driverutil10\x64\release\driverutil10.tlog\inf2cat-expand.13948.write.1.tlog
f:\逆向从入门到改行\driver-12\driverutil10\driverutil10\x64\release\driverutil10.tlog\inf2cat-expand.14340.read.1.tlog
f:\逆向从入门到改行\driver-12\driverutil10\driverutil10\x64\release\driverutil10.tlog\inf2cat-expand.14340.write.1.tlog
f:\逆向从入门到改行\driver-12\driverutil10\driverutil10\x64\release\driverutil10.tlog\inf2cat-expand.14772.read.1.tlog
f:\逆向从入门到改行\driver-12\driverutil10\driverutil10\x64\release\driverutil10.tlog\inf2cat-expand.14772.write.1.tlog
f:\逆向从入门到改行\driver-12\driverutil10\driverutil10\x64\release\driverutil10.tlog\inf2cat-expand.15064.read.1.tlog
f:\逆向从入门到改行\driver-12\driverutil10\driverutil10\x64\release\driverutil10.tlog\inf2cat-expand.15064.write.1.tlog
f:\逆向从入门到改行\driver-12\driverutil10\driverutil10\x64\release\driverutil10.tlog\inf2cat-expand.15136.read.1.tlog
f:\逆向从入门到改行\driver-12\driverutil10\driverutil10\x64\release\driverutil10.tlog\inf2cat-expand.15136.write.1.tlog
f:\逆向从入门到改行\driver-12\driverutil10\driverutil10\x64\release\driverutil10.tlog\inf2cat-expand.15312.read.1.tlog
f:\逆向从入门到改行\driver-12\driverutil10\driverutil10\x64\release\driverutil10.tlog\inf2cat-expand.15312.write.1.tlog
f:\逆向从入门到改行\driver-12\driverutil10\driverutil10\x64\release\driverutil10.tlog\inf2cat-expand.15576.read.1.tlog
f:\逆向从入门到改行\driver-12\driverutil10\driverutil10\x64\release\driverutil10.tlog\inf2cat-expand.15576.write.1.tlog
f:\逆向从入门到改行\driver-12\driverutil10\driverutil10\x64\release\driverutil10.tlog\inf2cat-expand.15840.read.1.tlog
f:\逆向从入门到改行\driver-12\driverutil10\driverutil10\x64\release\driverutil10.tlog\inf2cat-expand.15840.write.1.tlog
f:\逆向从入门到改行\driver-12\driverutil10\driverutil10\x64\release\driverutil10.tlog\inf2cat-expand.15884.read.1.tlog
f:\逆向从入门到改行\driver-12\driverutil10\driverutil10\x64\release\driverutil10.tlog\inf2cat-expand.15884.write.1.tlog
f:\逆向从入门到改行\driver-12\driverutil10\driverutil10\x64\release\driverutil10.tlog\inf2cat-expand.15928.read.1.tlog
f:\逆向从入门到改行\driver-12\driverutil10\driverutil10\x64\release\driverutil10.tlog\inf2cat-expand.15928.write.1.tlog
f:\逆向从入门到改行\driver-12\driverutil10\driverutil10\x64\release\driverutil10.tlog\inf2cat-expand.1596.read.1.tlog
f:\逆向从入门到改行\driver-12\driverutil10\driverutil10\x64\release\driverutil10.tlog\inf2cat-expand.1596.write.1.tlog
f:\逆向从入门到改行\driver-12\driverutil10\driverutil10\x64\release\driverutil10.tlog\inf2cat-expand.15960.read.1.tlog
f:\逆向从入门到改行\driver-12\driverutil10\driverutil10\x64\release\driverutil10.tlog\inf2cat-expand.15960.write.1.tlog
f:\逆向从入门到改行\driver-12\driverutil10\driverutil10\x64\release\driverutil10.tlog\inf2cat-expand.16008.read.1.tlog
f:\逆向从入门到改行\driver-12\driverutil10\driverutil10\x64\release\driverutil10.tlog\inf2cat-expand.16008.write.1.tlog
f:\逆向从入门到改行\driver-12\driverutil10\driverutil10\x64\release\driverutil10.tlog\inf2cat-expand.16420.read.1.tlog
f:\逆向从入门到改行\driver-12\driverutil10\driverutil10\x64\release\driverutil10.tlog\inf2cat-expand.16420.write.1.tlog
f:\逆向从入门到改行\driver-12\driverutil10\driverutil10\x64\release\driverutil10.tlog\inf2cat-expand.16452.read.1.tlog
f:\逆向从入门到改行\driver-12\driverutil10\driverutil10\x64\release\driverutil10.tlog\inf2cat-expand.16452.write.1.tlog
f:\逆向从入门到改行\driver-12\driverutil10\driverutil10\x64\release\driverutil10.tlog\inf2cat-expand.16540.read.1.tlog
f:\逆向从入门到改行\driver-12\driverutil10\driverutil10\x64\release\driverutil10.tlog\inf2cat-expand.16540.write.1.tlog
f:\逆向从入门到改行\driver-12\driverutil10\driverutil10\x64\release\driverutil10.tlog\inf2cat-expand.16636.read.1.tlog
f:\逆向从入门到改行\driver-12\driverutil10\driverutil10\x64\release\driverutil10.tlog\inf2cat-expand.16636.write.1.tlog
f:\逆向从入门到改行\driver-12\driverutil10\driverutil10\x64\release\driverutil10.tlog\inf2cat-expand.16696.read.1.tlog
f:\逆向从入门到改行\driver-12\driverutil10\driverutil10\x64\release\driverutil10.tlog\inf2cat-expand.16696.write.1.tlog
f:\逆向从入门到改行\driver-12\driverutil10\driverutil10\x64\release\driverutil10.tlog\inf2cat-expand.16936.read.1.tlog
f:\逆向从入门到改行\driver-12\driverutil10\driverutil10\x64\release\driverutil10.tlog\inf2cat-expand.16936.write.1.tlog
f:\逆向从入门到改行\driver-12\driverutil10\driverutil10\x64\release\driverutil10.tlog\inf2cat-expand.17012.read.1.tlog
f:\逆向从入门到改行\driver-12\driverutil10\driverutil10\x64\release\driverutil10.tlog\inf2cat-expand.17012.write.1.tlog
f:\逆向从入门到改行\driver-12\driverutil10\driverutil10\x64\release\driverutil10.tlog\inf2cat-expand.17548.read.1.tlog
f:\逆向从入门到改行\driver-12\driverutil10\driverutil10\x64\release\driverutil10.tlog\inf2cat-expand.17548.write.1.tlog
f:\逆向从入门到改行\driver-12\driverutil10\driverutil10\x64\release\driverutil10.tlog\inf2cat-expand.17652.read.1.tlog
f:\逆向从入门到改行\driver-12\driverutil10\driverutil10\x64\release\driverutil10.tlog\inf2cat-expand.17652.write.1.tlog
f:\逆向从入门到改行\driver-12\driverutil10\driverutil10\x64\release\driverutil10.tlog\inf2cat-expand.17692.read.1.tlog
f:\逆向从入门到改行\driver-12\driverutil10\driverutil10\x64\release\driverutil10.tlog\inf2cat-expand.17692.write.1.tlog
f:\逆向从入门到改行\driver-12\driverutil10\driverutil10\x64\release\driverutil10.tlog\inf2cat-expand.17896.read.1.tlog
f:\逆向从入门到改行\driver-12\driverutil10\driverutil10\x64\release\driverutil10.tlog\inf2cat-expand.17896.write.1.tlog
f:\逆向从入门到改行\driver-12\driverutil10\driverutil10\x64\release\driverutil10.tlog\inf2cat-expand.17932.read.1.tlog
f:\逆向从入门到改行\driver-12\driverutil10\driverutil10\x64\release\driverutil10.tlog\inf2cat-expand.17932.write.1.tlog
f:\逆向从入门到改行\driver-12\driverutil10\driverutil10\x64\release\driverutil10.tlog\inf2cat-expand.18080.read.1.tlog
f:\逆向从入门到改行\driver-12\driverutil10\driverutil10\x64\release\driverutil10.tlog\inf2cat-expand.18080.write.1.tlog
f:\逆向从入门到改行\driver-12\driverutil10\driverutil10\x64\release\driverutil10.tlog\inf2cat-expand.18192.read.1.tlog
f:\逆向从入门到改行\driver-12\driverutil10\driverutil10\x64\release\driverutil10.tlog\inf2cat-expand.18192.write.1.tlog
f:\逆向从入门到改行\driver-12\driverutil10\driverutil10\x64\release\driverutil10.tlog\inf2cat-expand.18204.read.1.tlog
f:\逆向从入门到改行\driver-12\driverutil10\driverutil10\x64\release\driverutil10.tlog\inf2cat-expand.18204.write.1.tlog
f:\逆向从入门到改行\driver-12\driverutil10\driverutil10\x64\release\driverutil10.tlog\inf2cat-expand.18292.read.1.tlog
f:\逆向从入门到改行\driver-12\driverutil10\driverutil10\x64\release\driverutil10.tlog\inf2cat-expand.18292.write.1.tlog
f:\逆向从入门到改行\driver-12\driverutil10\driverutil10\x64\release\driverutil10.tlog\inf2cat-expand.18628.read.1.tlog
f:\逆向从入门到改行\driver-12\driverutil10\driverutil10\x64\release\driverutil10.tlog\inf2cat-expand.18628.write.1.tlog
f:\逆向从入门到改行\driver-12\driverutil10\driverutil10\x64\release\driverutil10.tlog\inf2cat-expand.18684.read.1.tlog
f:\逆向从入门到改行\driver-12\driverutil10\driverutil10\x64\release\driverutil10.tlog\inf2cat-expand.18684.write.1.tlog
f:\逆向从入门到改行\driver-12\driverutil10\driverutil10\x64\release\driverutil10.tlog\inf2cat-expand.18712.read.1.tlog
f:\逆向从入门到改行\driver-12\driverutil10\driverutil10\x64\release\driverutil10.tlog\inf2cat-expand.18712.write.1.tlog
f:\逆向从入门到改行\driver-12\driverutil10\driverutil10\x64\release\driverutil10.tlog\inf2cat-expand.18780.read.1.tlog
f:\逆向从入门到改行\driver-12\driverutil10\driverutil10\x64\release\driverutil10.tlog\inf2cat-expand.18780.write.1.tlog
f:\逆向从入门到改行\driver-12\driverutil10\driverutil10\x64\release\driverutil10.tlog\inf2cat-expand.18980.read.1.tlog
f:\逆向从入门到改行\driver-12\driverutil10\driverutil10\x64\release\driverutil10.tlog\inf2cat-expand.18980.write.1.tlog
f:\逆向从入门到改行\driver-12\driverutil10\driverutil10\x64\release\driverutil10.tlog\inf2cat-expand.19160.read.1.tlog
f:\逆向从入门到改行\driver-12\driverutil10\driverutil10\x64\release\driverutil10.tlog\inf2cat-expand.19160.write.1.tlog
f:\逆向从入门到改行\driver-12\driverutil10\driverutil10\x64\release\driverutil10.tlog\inf2cat-expand.19368.read.1.tlog
f:\逆向从入门到改行\driver-12\driverutil10\driverutil10\x64\release\driverutil10.tlog\inf2cat-expand.19368.write.1.tlog
f:\逆向从入门到改行\driver-12\driverutil10\driverutil10\x64\release\driverutil10.tlog\inf2cat-expand.19424.read.1.tlog
f:\逆向从入门到改行\driver-12\driverutil10\driverutil10\x64\release\driverutil10.tlog\inf2cat-expand.19424.write.1.tlog
f:\逆向从入门到改行\driver-12\driverutil10\driverutil10\x64\release\driverutil10.tlog\inf2cat-expand.19864.read.1.tlog
f:\逆向从入门到改行\driver-12\driverutil10\driverutil10\x64\release\driverutil10.tlog\inf2cat-expand.19864.write.1.tlog
f:\逆向从入门到改行\driver-12\driverutil10\driverutil10\x64\release\driverutil10.tlog\inf2cat-expand.19948.read.1.tlog
f:\逆向从入门到改行\driver-12\driverutil10\driverutil10\x64\release\driverutil10.tlog\inf2cat-expand.19948.write.1.tlog
f:\逆向从入门到改行\driver-12\driverutil10\driverutil10\x64\release\driverutil10.tlog\inf2cat-expand.19952.read.1.tlog
f:\逆向从入门到改行\driver-12\driverutil10\driverutil10\x64\release\driverutil10.tlog\inf2cat-expand.19952.write.1.tlog
f:\逆向从入门到改行\driver-12\driverutil10\driverutil10\x64\release\driverutil10.tlog\inf2cat-expand.20000.read.1.tlog
f:\逆向从入门到改行\driver-12\driverutil10\driverutil10\x64\release\driverutil10.tlog\inf2cat-expand.20000.write.1.tlog
f:\逆向从入门到改行\driver-12\driverutil10\driverutil10\x64\release\driverutil10.tlog\inf2cat-expand.20164.read.1.tlog
f:\逆向从入门到改行\driver-12\driverutil10\driverutil10\x64\release\driverutil10.tlog\inf2cat-expand.20164.write.1.tlog
f:\逆向从入门到改行\driver-12\driverutil10\driverutil10\x64\release\driverutil10.tlog\inf2cat-expand.20232.read.1.tlog
f:\逆向从入门到改行\driver-12\driverutil10\driverutil10\x64\release\driverutil10.tlog\inf2cat-expand.20232.write.1.tlog
f:\逆向从入门到改行\driver-12\driverutil10\driverutil10\x64\release\driverutil10.tlog\inf2cat-expand.20252.read.1.tlog
f:\逆向从入门到改行\driver-12\driverutil10\driverutil10\x64\release\driverutil10.tlog\inf2cat-expand.20252.write.1.tlog
f:\逆向从入门到改行\driver-12\driverutil10\driverutil10\x64\release\driverutil10.tlog\inf2cat-expand.20256.read.1.tlog
f:\逆向从入门到改行\driver-12\driverutil10\driverutil10\x64\release\driverutil10.tlog\inf2cat-expand.20256.write.1.tlog
f:\逆向从入门到改行\driver-12\driverutil10\driverutil10\x64\release\driverutil10.tlog\inf2cat-expand.20852.read.1.tlog
f:\逆向从入门到改行\driver-12\driverutil10\driverutil10\x64\release\driverutil10.tlog\inf2cat-expand.20852.write.1.tlog
f:\逆向从入门到改行\driver-12\driverutil10\driverutil10\x64\release\driverutil10.tlog\inf2cat-expand.20972.read.1.tlog
f:\逆向从入门到改行\driver-12\driverutil10\driverutil10\x64\release\driverutil10.tlog\inf2cat-expand.20972.write.1.tlog
f:\逆向从入门到改行\driver-12\driverutil10\driverutil10\x64\release\driverutil10.tlog\inf2cat-expand.20992.read.1.tlog
f:\逆向从入门到改行\driver-12\driverutil10\driverutil10\x64\release\driverutil10.tlog\inf2cat-expand.20992.write.1.tlog
f:\逆向从入门到改行\driver-12\driverutil10\driverutil10\x64\release\driverutil10.tlog\inf2cat-expand.21184.read.1.tlog
f:\逆向从入门到改行\driver-12\driverutil10\driverutil10\x64\release\driverutil10.tlog\inf2cat-expand.21184.write.1.tlog
f:\逆向从入门到改行\driver-12\driverutil10\driverutil10\x64\release\driverutil10.tlog\inf2cat-expand.21232.read.1.tlog
f:\逆向从入门到改行\driver-12\driverutil10\driverutil10\x64\release\driverutil10.tlog\inf2cat-expand.21232.write.1.tlog
f:\逆向从入门到改行\driver-12\driverutil10\driverutil10\x64\release\driverutil10.tlog\inf2cat-expand.21836.read.1.tlog
f:\逆向从入门到改行\driver-12\driverutil10\driverutil10\x64\release\driverutil10.tlog\inf2cat-expand.21836.write.1.tlog
f:\逆向从入门到改行\driver-12\driverutil10\driverutil10\x64\release\driverutil10.tlog\inf2cat-expand.21872.read.1.tlog
f:\逆向从入门到改行\driver-12\driverutil10\driverutil10\x64\release\driverutil10.tlog\inf2cat-expand.21872.write.1.tlog
f:\逆向从入门到改行\driver-12\driverutil10\driverutil10\x64\release\driverutil10.tlog\inf2cat-expand.21900.read.1.tlog
f:\逆向从入门到改行\driver-12\driverutil10\driverutil10\x64\release\driverutil10.tlog\inf2cat-expand.21900.write.1.tlog
f:\逆向从入门到改行\driver-12\driverutil10\driverutil10\x64\release\driverutil10.tlog\inf2cat-expand.21928.read.1.tlog
f:\逆向从入门到改行\driver-12\driverutil10\driverutil10\x64\release\driverutil10.tlog\inf2cat-expand.21928.write.1.tlog
f:\逆向从入门到改行\driver-12\driverutil10\driverutil10\x64\release\driverutil10.tlog\inf2cat-expand.21980.read.1.tlog
f:\逆向从入门到改行\driver-12\driverutil10\driverutil10\x64\release\driverutil10.tlog\inf2cat-expand.21980.write.1.tlog
f:\逆向从入门到改行\driver-12\driverutil10\driverutil10\x64\release\driverutil10.tlog\inf2cat-expand.22012.read.1.tlog
f:\逆向从入门到改行\driver-12\driverutil10\driverutil10\x64\release\driverutil10.tlog\inf2cat-expand.22012.write.1.tlog
f:\逆向从入门到改行\driver-12\driverutil10\driverutil10\x64\release\driverutil10.tlog\inf2cat-expand.22076.read.1.tlog
f:\逆向从入门到改行\driver-12\driverutil10\driverutil10\x64\release\driverutil10.tlog\inf2cat-expand.22076.write.1.tlog
f:\逆向从入门到改行\driver-12\driverutil10\driverutil10\x64\release\driverutil10.tlog\inf2cat-expand.2208.read.1.tlog
f:\逆向从入门到改行\driver-12\driverutil10\driverutil10\x64\release\driverutil10.tlog\inf2cat-expand.2208.write.1.tlog
f:\逆向从入门到改行\driver-12\driverutil10\driverutil10\x64\release\driverutil10.tlog\inf2cat-expand.22220.read.1.tlog
f:\逆向从入门到改行\driver-12\driverutil10\driverutil10\x64\release\driverutil10.tlog\inf2cat-expand.22220.write.1.tlog
f:\逆向从入门到改行\driver-12\driverutil10\driverutil10\x64\release\driverutil10.tlog\inf2cat-expand.22320.read.1.tlog
f:\逆向从入门到改行\driver-12\driverutil10\driverutil10\x64\release\driverutil10.tlog\inf2cat-expand.22320.write.1.tlog
f:\逆向从入门到改行\driver-12\driverutil10\driverutil10\x64\release\driverutil10.tlog\inf2cat-expand.22336.read.1.tlog
f:\逆向从入门到改行\driver-12\driverutil10\driverutil10\x64\release\driverutil10.tlog\inf2cat-expand.22336.write.1.tlog
f:\逆向从入门到改行\driver-12\driverutil10\driverutil10\x64\release\driverutil10.tlog\inf2cat-expand.22788.read.1.tlog
f:\逆向从入门到改行\driver-12\driverutil10\driverutil10\x64\release\driverutil10.tlog\inf2cat-expand.22788.write.1.tlog
f:\逆向从入门到改行\driver-12\driverutil10\driverutil10\x64\release\driverutil10.tlog\inf2cat-expand.22988.read.1.tlog
f:\逆向从入门到改行\driver-12\driverutil10\driverutil10\x64\release\driverutil10.tlog\inf2cat-expand.22988.write.1.tlog
f:\逆向从入门到改行\driver-12\driverutil10\driverutil10\x64\release\driverutil10.tlog\inf2cat-expand.23020.read.1.tlog
f:\逆向从入门到改行\driver-12\driverutil10\driverutil10\x64\release\driverutil10.tlog\inf2cat-expand.23020.write.1.tlog
f:\逆向从入门到改行\driver-12\driverutil10\driverutil10\x64\release\driverutil10.tlog\inf2cat-expand.23320.read.1.tlog
f:\逆向从入门到改行\driver-12\driverutil10\driverutil10\x64\release\driverutil10.tlog\inf2cat-expand.23320.write.1.tlog
f:\逆向从入门到改行\driver-12\driverutil10\driverutil10\x64\release\driverutil10.tlog\inf2cat-expand.23392.read.1.tlog
f:\逆向从入门到改行\driver-12\driverutil10\driverutil10\x64\release\driverutil10.tlog\inf2cat-expand.23392.write.1.tlog
f:\逆向从入门到改行\driver-12\driverutil10\driverutil10\x64\release\driverutil10.tlog\inf2cat-expand.23560.read.1.tlog
f:\逆向从入门到改行\driver-12\driverutil10\driverutil10\x64\release\driverutil10.tlog\inf2cat-expand.23560.write.1.tlog
f:\逆向从入门到改行\driver-12\driverutil10\driverutil10\x64\release\driverutil10.tlog\inf2cat-expand.23700.read.1.tlog
f:\逆向从入门到改行\driver-12\driverutil10\driverutil10\x64\release\driverutil10.tlog\inf2cat-expand.23700.write.1.tlog
f:\逆向从入门到改行\driver-12\driverutil10\driverutil10\x64\release\driverutil10.tlog\inf2cat-expand.23924.read.1.tlog
f:\逆向从入门到改行\driver-12\driverutil10\driverutil10\x64\release\driverutil10.tlog\inf2cat-expand.23924.write.1.tlog
f:\逆向从入门到改行\driver-12\driverutil10\driverutil10\x64\release\driverutil10.tlog\inf2cat-expand.24084.read.1.tlog
f:\逆向从入门到改行\driver-12\driverutil10\driverutil10\x64\release\driverutil10.tlog\inf2cat-expand.24084.write.1.tlog
f:\逆向从入门到改行\driver-12\driverutil10\driverutil10\x64\release\driverutil10.tlog\inf2cat-expand.24116.read.1.tlog
f:\逆向从入门到改行\driver-12\driverutil10\driverutil10\x64\release\driverutil10.tlog\inf2cat-expand.24116.write.1.tlog
f:\逆向从入门到改行\driver-12\driverutil10\driverutil10\x64\release\driverutil10.tlog\inf2cat-expand.24172.read.1.tlog
f:\逆向从入门到改行\driver-12\driverutil10\driverutil10\x64\release\driverutil10.tlog\inf2cat-expand.24172.write.1.tlog
f:\逆向从入门到改行\driver-12\driverutil10\driverutil10\x64\release\driverutil10.tlog\inf2cat-expand.24260.read.1.tlog
f:\逆向从入门到改行\driver-12\driverutil10\driverutil10\x64\release\driverutil10.tlog\inf2cat-expand.24260.write.1.tlog
f:\逆向从入门到改行\driver-12\driverutil10\driverutil10\x64\release\driverutil10.tlog\inf2cat-expand.24280.read.1.tlog
f:\逆向从入门到改行\driver-12\driverutil10\driverutil10\x64\release\driverutil10.tlog\inf2cat-expand.24280.write.1.tlog
f:\逆向从入门到改行\driver-12\driverutil10\driverutil10\x64\release\driverutil10.tlog\inf2cat-expand.24684.read.1.tlog
f:\逆向从入门到改行\driver-12\driverutil10\driverutil10\x64\release\driverutil10.tlog\inf2cat-expand.24684.write.1.tlog
f:\逆向从入门到改行\driver-12\driverutil10\driverutil10\x64\release\driverutil10.tlog\inf2cat-expand.24724.read.1.tlog
f:\逆向从入门到改行\driver-12\driverutil10\driverutil10\x64\release\driverutil10.tlog\inf2cat-expand.24724.write.1.tlog
f:\逆向从入门到改行\driver-12\driverutil10\driverutil10\x64\release\driverutil10.tlog\inf2cat-expand.2496.read.1.tlog
f:\逆向从入门到改行\driver-12\driverutil10\driverutil10\x64\release\driverutil10.tlog\inf2cat-expand.2496.write.1.tlog
f:\逆向从入门到改行\driver-12\driverutil10\driverutil10\x64\release\driverutil10.tlog\inf2cat-expand.24968.read.1.tlog
f:\逆向从入门到改行\driver-12\driverutil10\driverutil10\x64\release\driverutil10.tlog\inf2cat-expand.24968.write.1.tlog
f:\逆向从入门到改行\driver-12\driverutil10\driverutil10\x64\release\driverutil10.tlog\inf2cat-expand.25196.read.1.tlog
f:\逆向从入门到改行\driver-12\driverutil10\driverutil10\x64\release\driverutil10.tlog\inf2cat-expand.25196.write.1.tlog
f:\逆向从入门到改行\driver-12\driverutil10\driverutil10\x64\release\driverutil10.tlog\inf2cat-expand.25200.read.1.tlog
f:\逆向从入门到改行\driver-12\driverutil10\driverutil10\x64\release\driverutil10.tlog\inf2cat-expand.25200.write.1.tlog
f:\逆向从入门到改行\driver-12\driverutil10\driverutil10\x64\release\driverutil10.tlog\inf2cat-expand.25248.read.1.tlog
f:\逆向从入门到改行\driver-12\driverutil10\driverutil10\x64\release\driverutil10.tlog\inf2cat-expand.25248.write.1.tlog
f:\逆向从入门到改行\driver-12\driverutil10\driverutil10\x64\release\driverutil10.tlog\inf2cat-expand.25288.read.1.tlog
f:\逆向从入门到改行\driver-12\driverutil10\driverutil10\x64\release\driverutil10.tlog\inf2cat-expand.25288.write.1.tlog
f:\逆向从入门到改行\driver-12\driverutil10\driverutil10\x64\release\driverutil10.tlog\inf2cat-expand.25292.read.1.tlog
f:\逆向从入门到改行\driver-12\driverutil10\driverutil10\x64\release\driverutil10.tlog\inf2cat-expand.25292.write.1.tlog
f:\逆向从入门到改行\driver-12\driverutil10\driverutil10\x64\release\driverutil10.tlog\inf2cat-expand.25620.read.1.tlog
f:\逆向从入门到改行\driver-12\driverutil10\driverutil10\x64\release\driverutil10.tlog\inf2cat-expand.25620.write.1.tlog
f:\逆向从入门到改行\driver-12\driverutil10\driverutil10\x64\release\driverutil10.tlog\inf2cat-expand.25876.read.1.tlog
f:\逆向从入门到改行\driver-12\driverutil10\driverutil10\x64\release\driverutil10.tlog\inf2cat-expand.25876.write.1.tlog
f:\逆向从入门到改行\driver-12\driverutil10\driverutil10\x64\release\driverutil10.tlog\inf2cat-expand.25908.read.1.tlog
f:\逆向从入门到改行\driver-12\driverutil10\driverutil10\x64\release\driverutil10.tlog\inf2cat-expand.25908.write.1.tlog
f:\逆向从入门到改行\driver-12\driverutil10\driverutil10\x64\release\driverutil10.tlog\inf2cat-expand.25928.read.1.tlog
f:\逆向从入门到改行\driver-12\driverutil10\driverutil10\x64\release\driverutil10.tlog\inf2cat-expand.25928.write.1.tlog
f:\逆向从入门到改行\driver-12\driverutil10\driverutil10\x64\release\driverutil10.tlog\inf2cat-expand.26000.read.1.tlog
f:\逆向从入门到改行\driver-12\driverutil10\driverutil10\x64\release\driverutil10.tlog\inf2cat-expand.26000.write.1.tlog
f:\逆向从入门到改行\driver-12\driverutil10\driverutil10\x64\release\driverutil10.tlog\inf2cat-expand.26040.read.1.tlog
f:\逆向从入门到改行\driver-12\driverutil10\driverutil10\x64\release\driverutil10.tlog\inf2cat-expand.26040.write.1.tlog
f:\逆向从入门到改行\driver-12\driverutil10\driverutil10\x64\release\driverutil10.tlog\inf2cat-expand.26064.read.1.tlog
f:\逆向从入门到改行\driver-12\driverutil10\driverutil10\x64\release\driverutil10.tlog\inf2cat-expand.26064.write.1.tlog
f:\逆向从入门到改行\driver-12\driverutil10\driverutil10\x64\release\driverutil10.tlog\inf2cat-expand.26136.read.1.tlog
f:\逆向从入门到改行\driver-12\driverutil10\driverutil10\x64\release\driverutil10.tlog\inf2cat-expand.26136.write.1.tlog
f:\逆向从入门到改行\driver-12\driverutil10\driverutil10\x64\release\driverutil10.tlog\inf2cat-expand.26300.read.1.tlog
f:\逆向从入门到改行\driver-12\driverutil10\driverutil10\x64\release\driverutil10.tlog\inf2cat-expand.26300.write.1.tlog
f:\逆向从入门到改行\driver-12\driverutil10\driverutil10\x64\release\driverutil10.tlog\inf2cat-expand.26408.read.1.tlog
f:\逆向从入门到改行\driver-12\driverutil10\driverutil10\x64\release\driverutil10.tlog\inf2cat-expand.26408.write.1.tlog
f:\逆向从入门到改行\driver-12\driverutil10\driverutil10\x64\release\driverutil10.tlog\inf2cat-expand.26532.read.1.tlog
f:\逆向从入门到改行\driver-12\driverutil10\driverutil10\x64\release\driverutil10.tlog\inf2cat-expand.26532.write.1.tlog
f:\逆向从入门到改行\driver-12\driverutil10\driverutil10\x64\release\driverutil10.tlog\inf2cat-expand.26660.read.1.tlog
f:\逆向从入门到改行\driver-12\driverutil10\driverutil10\x64\release\driverutil10.tlog\inf2cat-expand.26660.write.1.tlog
f:\逆向从入门到改行\driver-12\driverutil10\driverutil10\x64\release\driverutil10.tlog\inf2cat-expand.26844.read.1.tlog
f:\逆向从入门到改行\driver-12\driverutil10\driverutil10\x64\release\driverutil10.tlog\inf2cat-expand.26844.write.1.tlog
f:\逆向从入门到改行\driver-12\driverutil10\driverutil10\x64\release\driverutil10.tlog\inf2cat-expand.26888.read.1.tlog
f:\逆向从入门到改行\driver-12\driverutil10\driverutil10\x64\release\driverutil10.tlog\inf2cat-expand.26888.write.1.tlog
f:\逆向从入门到改行\driver-12\driverutil10\driverutil10\x64\release\driverutil10.tlog\inf2cat-expand.26892.read.1.tlog
f:\逆向从入门到改行\driver-12\driverutil10\driverutil10\x64\release\driverutil10.tlog\inf2cat-expand.26892.write.1.tlog
f:\逆向从入门到改行\driver-12\driverutil10\driverutil10\x64\release\driverutil10.tlog\inf2cat-expand.27016.read.1.tlog
f:\逆向从入门到改行\driver-12\driverutil10\driverutil10\x64\release\driverutil10.tlog\inf2cat-expand.27016.write.1.tlog
f:\逆向从入门到改行\driver-12\driverutil10\driverutil10\x64\release\driverutil10.tlog\inf2cat-expand.27128.read.1.tlog
f:\逆向从入门到改行\driver-12\driverutil10\driverutil10\x64\release\driverutil10.tlog\inf2cat-expand.27128.write.1.tlog
f:\逆向从入门到改行\driver-12\driverutil10\driverutil10\x64\release\driverutil10.tlog\inf2cat-expand.27184.read.1.tlog
f:\逆向从入门到改行\driver-12\driverutil10\driverutil10\x64\release\driverutil10.tlog\inf2cat-expand.27184.write.1.tlog
f:\逆向从入门到改行\driver-12\driverutil10\driverutil10\x64\release\driverutil10.tlog\inf2cat-expand.27212.read.1.tlog
f:\逆向从入门到改行\driver-12\driverutil10\driverutil10\x64\release\driverutil10.tlog\inf2cat-expand.27212.write.1.tlog
f:\逆向从入门到改行\driver-12\driverutil10\driverutil10\x64\release\driverutil10.tlog\inf2cat-expand.27288.read.1.tlog
f:\逆向从入门到改行\driver-12\driverutil10\driverutil10\x64\release\driverutil10.tlog\inf2cat-expand.27288.write.1.tlog
f:\逆向从入门到改行\driver-12\driverutil10\driverutil10\x64\release\driverutil10.tlog\inf2cat-expand.27508.read.1.tlog
f:\逆向从入门到改行\driver-12\driverutil10\driverutil10\x64\release\driverutil10.tlog\inf2cat-expand.27508.write.1.tlog
f:\逆向从入门到改行\driver-12\driverutil10\driverutil10\x64\release\driverutil10.tlog\inf2cat-expand.2956.read.1.tlog
f:\逆向从入门到改行\driver-12\driverutil10\driverutil10\x64\release\driverutil10.tlog\inf2cat-expand.2956.write.1.tlog
f:\逆向从入门到改行\driver-12\driverutil10\driverutil10\x64\release\driverutil10.tlog\inf2cat-expand.3968.read.1.tlog
f:\逆向从入门到改行\driver-12\driverutil10\driverutil10\x64\release\driverutil10.tlog\inf2cat-expand.3968.write.1.tlog
f:\逆向从入门到改行\driver-12\driverutil10\driverutil10\x64\release\driverutil10.tlog\inf2cat-expand.4024.read.1.tlog
f:\逆向从入门到改行\driver-12\driverutil10\driverutil10\x64\release\driverutil10.tlog\inf2cat-expand.4024.write.1.tlog
f:\逆向从入门到改行\driver-12\driverutil10\driverutil10\x64\release\driverutil10.tlog\inf2cat-expand.4548.read.1.tlog
f:\逆向从入门到改行\driver-12\driverutil10\driverutil10\x64\release\driverutil10.tlog\inf2cat-expand.4548.write.1.tlog
f:\逆向从入门到改行\driver-12\driverutil10\driverutil10\x64\release\driverutil10.tlog\inf2cat-expand.5060.read.1.tlog
f:\逆向从入门到改行\driver-12\driverutil10\driverutil10\x64\release\driverutil10.tlog\inf2cat-expand.5060.write.1.tlog
f:\逆向从入门到改行\driver-12\driverutil10\driverutil10\x64\release\driverutil10.tlog\inf2cat-expand.6532.read.1.tlog
f:\逆向从入门到改行\driver-12\driverutil10\driverutil10\x64\release\driverutil10.tlog\inf2cat-expand.6532.write.1.tlog
f:\逆向从入门到改行\driver-12\driverutil10\driverutil10\x64\release\driverutil10.tlog\inf2cat-expand.6700.read.1.tlog
f:\逆向从入门到改行\driver-12\driverutil10\driverutil10\x64\release\driverutil10.tlog\inf2cat-expand.6700.write.1.tlog
f:\逆向从入门到改行\driver-12\driverutil10\driverutil10\x64\release\driverutil10.tlog\inf2cat-expand.6728.read.1.tlog
f:\逆向从入门到改行\driver-12\driverutil10\driverutil10\x64\release\driverutil10.tlog\inf2cat-expand.6728.write.1.tlog
f:\逆向从入门到改行\driver-12\driverutil10\driverutil10\x64\release\driverutil10.tlog\inf2cat-expand.6760.read.1.tlog
f:\逆向从入门到改行\driver-12\driverutil10\driverutil10\x64\release\driverutil10.tlog\inf2cat-expand.6760.write.1.tlog
f:\逆向从入门到改行\driver-12\driverutil10\driverutil10\x64\release\driverutil10.tlog\inf2cat-expand.7040.read.1.tlog
f:\逆向从入门到改行\driver-12\driverutil10\driverutil10\x64\release\driverutil10.tlog\inf2cat-expand.7040.write.1.tlog
f:\逆向从入门到改行\driver-12\driverutil10\driverutil10\x64\release\driverutil10.tlog\inf2cat-expand.8556.read.1.tlog
f:\逆向从入门到改行\driver-12\driverutil10\driverutil10\x64\release\driverutil10.tlog\inf2cat-expand.8556.write.1.tlog
f:\逆向从入门到改行\driver-12\driverutil10\driverutil10\x64\release\driverutil10.tlog\inf2cat-expand.9160.read.1.tlog
f:\逆向从入门到改行\driver-12\driverutil10\driverutil10\x64\release\driverutil10.tlog\inf2cat-expand.9160.write.1.tlog
f:\逆向从入门到改行\driver-12\driverutil10\driverutil10\x64\release\driverutil10.tlog\inf2cat-expand.9364.read.1.tlog
f:\逆向从入门到改行\driver-12\driverutil10\driverutil10\x64\release\driverutil10.tlog\inf2cat-expand.9364.write.1.tlog
f:\逆向从入门到改行\driver-12\driverutil10\driverutil10\x64\release\driverutil10.tlog\inf2cat-expand.9480.read.1.tlog
f:\逆向从入门到改行\driver-12\driverutil10\driverutil10\x64\release\driverutil10.tlog\inf2cat-expand.9480.write.1.tlog
f:\逆向从入门到改行\driver-12\driverutil10\driverutil10\x64\release\driverutil10.tlog\inf2cat-expand.9616.read.1.tlog
f:\逆向从入门到改行\driver-12\driverutil10\driverutil10\x64\release\driverutil10.tlog\inf2cat-expand.9616.write.1.tlog
f:\逆向从入门到改行\driver-12\driverutil10\driverutil10\x64\release\driverutil10.tlog\inf2cat-expand.read.1.tlog
f:\逆向从入门到改行\driver-12\driverutil10\driverutil10\x64\release\driverutil10.tlog\inf2cat-expand.write.1.tlog
f:\逆向从入门到改行\driver-12\driverutil10\driverutil10\x64\release\driverutil10.tlog\inf2cat.command.1.tlog
f:\逆向从入门到改行\driver-12\driverutil10\driverutil10\x64\release\driverutil10.tlog\inf2cat.read.1.tlog
f:\逆向从入门到改行\driver-12\driverutil10\driverutil10\x64\release\driverutil10.tlog\inf2cat.write.1.tlog
f:\逆向从入门到改行\driver-12\driverutil10\driverutil10\x64\release\driverutil10.tlog\link.command.1.tlog
f:\逆向从入门到改行\driver-12\driverutil10\driverutil10\x64\release\driverutil10.tlog\link.read.1.tlog
f:\逆向从入门到改行\driver-12\driverutil10\driverutil10\x64\release\driverutil10.tlog\link.write.1.tlog
f:\逆向从入门到改行\driver-12\driverutil10\driverutil10\x64\release\driverutil10.tlog\signtool.command.1.tlog
f:\逆向从入门到改行\driver-12\driverutil10\driverutil10\x64\release\driverutil10.tlog\signtool.read.1.tlog
f:\逆向从入门到改行\driver-12\driverutil10\driverutil10\x64\release\driverutil10.tlog\signtool.timestamp.1.tlog
f:\逆向从入门到改行\driver-12\driverutil10\driverutil10\x64\release\driverutil10.tlog\signtool.write.1.tlog
f:\逆向从入门到改行\driver-12\driverutil10\driverutil10\x64\release\driverutil10.tlog\stampinf.command.1.tlog
f:\逆向从入门到改行\driver-12\driverutil10\driverutil10\x64\release\driverutil10.tlog\stampinf.read.1.tlog
f:\逆向从入门到改行\driver-12\driverutil10\driverutil10\x64\release\driverutil10.tlog\stampinf.write.1.tlog
