f:\逆向从入门到改行\driver-4\driverutil2\driverutil2\x64\debug\vc140.pdb
f:\逆向从入门到改行\driver-4\driverutil2\driverutil2\x64\debug\typeinfo.obj
f:\逆向从入门到改行\driver-4\driverutil2\driverutil2\x64\debug\test_util.obj
f:\逆向从入门到改行\driver-4\driverutil2\driverutil2\x64\debug\stdcpp.obj
f:\逆向从入门到改行\driver-4\driverutil2\driverutil2\x64\debug\ntreg.obj
f:\逆向从入门到改行\driver-4\driverutil2\driverutil2\x64\debug\ntfile.obj
f:\逆向从入门到改行\driver-4\driverutil2\driverutil2\x64\debug\main.obj
f:\逆向从入门到改行\driver-4\driverutil2\driverutil2\x64\debug\kernel_stl.obj
f:\逆向从入门到改行\driver-4\driverutil2\driverutil2\x64\debug\driver.obj
f:\逆向从入门到改行\driver-4\driverutil2\driverutil2\x64\debug\device.obj
f:\逆向从入门到改行\driver-4\driverutil2\x64\debug\driverutil2\mydriver.cat
f:\逆向从入门到改行\driver-4\driverutil2\x64\debug\driverutil2.sys
c:\symbols\driverutil2.pdb
f:\逆向从入门到改行\driver-4\driverutil2\driverutil2\x64\debug\mydriver.inf
f:\逆向从入门到改行\driver-4\driverutil2\x64\debug\driverutil2.cer
f:\逆向从入门到改行\driver-4\driverutil2\x64\debug\driverutil2.pdb
f:\逆向从入门到改行\driver-4\driverutil2\driverutil2\x64\debug\driverutil2.tlog\cl.command.1.tlog
f:\逆向从入门到改行\driver-4\driverutil2\driverutil2\x64\debug\driverutil2.tlog\cl.read.1.tlog
f:\逆向从入门到改行\driver-4\driverutil2\driverutil2\x64\debug\driverutil2.tlog\cl.write.1.tlog
f:\逆向从入门到改行\driver-4\driverutil2\driverutil2\x64\debug\driverutil2.tlog\inf2cat-expand.10380.read.1.tlog
f:\逆向从入门到改行\driver-4\driverutil2\driverutil2\x64\debug\driverutil2.tlog\inf2cat-expand.10380.write.1.tlog
f:\逆向从入门到改行\driver-4\driverutil2\driverutil2\x64\debug\driverutil2.tlog\inf2cat-expand.11080.read.1.tlog
f:\逆向从入门到改行\driver-4\driverutil2\driverutil2\x64\debug\driverutil2.tlog\inf2cat-expand.11080.write.1.tlog
f:\逆向从入门到改行\driver-4\driverutil2\driverutil2\x64\debug\driverutil2.tlog\inf2cat-expand.11168.read.1.tlog
f:\逆向从入门到改行\driver-4\driverutil2\driverutil2\x64\debug\driverutil2.tlog\inf2cat-expand.11168.write.1.tlog
f:\逆向从入门到改行\driver-4\driverutil2\driverutil2\x64\debug\driverutil2.tlog\inf2cat-expand.204.read.1.tlog
f:\逆向从入门到改行\driver-4\driverutil2\driverutil2\x64\debug\driverutil2.tlog\inf2cat-expand.204.write.1.tlog
f:\逆向从入门到改行\driver-4\driverutil2\driverutil2\x64\debug\driverutil2.tlog\inf2cat-expand.6244.read.1.tlog
f:\逆向从入门到改行\driver-4\driverutil2\driverutil2\x64\debug\driverutil2.tlog\inf2cat-expand.6244.write.1.tlog
f:\逆向从入门到改行\driver-4\driverutil2\driverutil2\x64\debug\driverutil2.tlog\inf2cat-expand.6628.read.1.tlog
f:\逆向从入门到改行\driver-4\driverutil2\driverutil2\x64\debug\driverutil2.tlog\inf2cat-expand.6628.write.1.tlog
f:\逆向从入门到改行\driver-4\driverutil2\driverutil2\x64\debug\driverutil2.tlog\inf2cat-expand.9172.read.1.tlog
f:\逆向从入门到改行\driver-4\driverutil2\driverutil2\x64\debug\driverutil2.tlog\inf2cat-expand.9172.write.1.tlog
f:\逆向从入门到改行\driver-4\driverutil2\driverutil2\x64\debug\driverutil2.tlog\inf2cat-expand.9460.read.1.tlog
f:\逆向从入门到改行\driver-4\driverutil2\driverutil2\x64\debug\driverutil2.tlog\inf2cat-expand.9460.write.1.tlog
f:\逆向从入门到改行\driver-4\driverutil2\driverutil2\x64\debug\driverutil2.tlog\inf2cat-expand.9684.read.1.tlog
f:\逆向从入门到改行\driver-4\driverutil2\driverutil2\x64\debug\driverutil2.tlog\inf2cat-expand.9684.write.1.tlog
f:\逆向从入门到改行\driver-4\driverutil2\driverutil2\x64\debug\driverutil2.tlog\inf2cat-expand.read.1.tlog
f:\逆向从入门到改行\driver-4\driverutil2\driverutil2\x64\debug\driverutil2.tlog\inf2cat-expand.write.1.tlog
f:\逆向从入门到改行\driver-4\driverutil2\driverutil2\x64\debug\driverutil2.tlog\inf2cat.command.1.tlog
f:\逆向从入门到改行\driver-4\driverutil2\driverutil2\x64\debug\driverutil2.tlog\inf2cat.read.1.tlog
f:\逆向从入门到改行\driver-4\driverutil2\driverutil2\x64\debug\driverutil2.tlog\inf2cat.write.1.tlog
f:\逆向从入门到改行\driver-4\driverutil2\driverutil2\x64\debug\driverutil2.tlog\link.command.1.tlog
f:\逆向从入门到改行\driver-4\driverutil2\driverutil2\x64\debug\driverutil2.tlog\link.read.1.tlog
f:\逆向从入门到改行\driver-4\driverutil2\driverutil2\x64\debug\driverutil2.tlog\link.write.1.tlog
f:\逆向从入门到改行\driver-4\driverutil2\driverutil2\x64\debug\driverutil2.tlog\signtool.command.1.tlog
f:\逆向从入门到改行\driver-4\driverutil2\driverutil2\x64\debug\driverutil2.tlog\signtool.read.1.tlog
f:\逆向从入门到改行\driver-4\driverutil2\driverutil2\x64\debug\driverutil2.tlog\signtool.timestamp.1.tlog
f:\逆向从入门到改行\driver-4\driverutil2\driverutil2\x64\debug\driverutil2.tlog\signtool.write.1.tlog
f:\逆向从入门到改行\driver-4\driverutil2\driverutil2\x64\debug\driverutil2.tlog\stampinf.command.1.tlog
f:\逆向从入门到改行\driver-4\driverutil2\driverutil2\x64\debug\driverutil2.tlog\stampinf.read.1.tlog
f:\逆向从入门到改行\driver-4\driverutil2\driverutil2\x64\debug\driverutil2.tlog\stampinf.write.1.tlog
