  Building 'DriverUtil9' with toolset 'WindowsKernelModeDriver10.0' and the 'Desktop' target platform.
  Stamping x64\Release\MyDriver.inf [Version] section with DriverVer=10/21/2016,10.9.30.328
  tdi_fw.cpp
stdcpp.obj : warning LNK4210: 存在 .CRT 节；可能有未处理的静态初始值设定项或结束符
Driver.obj : warning LNK4210: 存在 .CRT 节；可能有未处理的静态初始值设定项或结束符
tdi_fw.obj : warning LNK4210: 存在 .CRT 节；可能有未处理的静态初始值设定项或结束符
test_util.obj : warning LNK4210: 存在 .CRT 节；可能有未处理的静态初始值设定项或结束符
stdcpp.obj : warning LNK4210: 存在 .CRT 节；可能有未处理的静态初始值设定项或结束符
  DriverUtil9.vcxproj -> F:\逆向从入门到改行\Driver-11\DriverUtil9\x64\Release\DriverUtil9.sys
  Done Adding Additional Store
  Successfully signed: F:\\Driver-11\DriverUtil9\x64\Release\DriverUtil9.sys
  
  .........................
  Signability test complete.
  
  Errors:
  None
  
  Warnings:
  None
  
  Catalog generation complete.
  F:\逆向从入门到改行\Driver-11\DriverUtil9\x64\Release\DriverUtil9\mydriver.cat
  Done Adding Additional Store
  Successfully signed: F:\\Driver-11\DriverUtil9\x64\Release\DriverUtil9\mydriver.cat
  
