f:\逆向从入门到改行\driver-4\driverutil2\driverutil2\x64\release\vc140.pdb
f:\逆向从入门到改行\driver-4\driverutil2\driverutil2\x64\release\typeinfo.nativecodeanalysis.xml
f:\逆向从入门到改行\driver-4\driverutil2\driverutil2\x64\release\test_util.nativecodeanalysis.xml
f:\逆向从入门到改行\driver-4\driverutil2\driverutil2\x64\release\stdcpp.nativecodeanalysis.xml
f:\逆向从入门到改行\driver-4\driverutil2\driverutil2\x64\release\ntreg.nativecodeanalysis.xml
f:\逆向从入门到改行\driver-4\driverutil2\driverutil2\x64\release\ntfile.nativecodeanalysis.xml
f:\逆向从入门到改行\driver-4\driverutil2\driverutil2\x64\release\main.nativecodeanalysis.xml
f:\逆向从入门到改行\driver-4\driverutil2\driverutil2\x64\release\kernel_stl.nativecodeanalysis.xml
f:\逆向从入门到改行\driver-4\driverutil2\driverutil2\x64\release\driver.nativecodeanalysis.xml
f:\逆向从入门到改行\driver-4\driverutil2\driverutil2\x64\release\device.nativecodeanalysis.xml
f:\逆向从入门到改行\driver-4\driverutil2\driverutil2\x64\release\device.obj
f:\逆向从入门到改行\driver-4\driverutil2\driverutil2\x64\release\driver.obj
f:\逆向从入门到改行\driver-4\driverutil2\driverutil2\x64\release\kernel_stl.obj
f:\逆向从入门到改行\driver-4\driverutil2\driverutil2\x64\release\main.obj
f:\逆向从入门到改行\driver-4\driverutil2\driverutil2\x64\release\ntfile.obj
f:\逆向从入门到改行\driver-4\driverutil2\driverutil2\x64\release\ntreg.obj
f:\逆向从入门到改行\driver-4\driverutil2\driverutil2\x64\release\stdcpp.obj
f:\逆向从入门到改行\driver-4\driverutil2\driverutil2\x64\release\test_util.obj
f:\逆向从入门到改行\driver-4\driverutil2\driverutil2\x64\release\typeinfo.obj
f:\逆向从入门到改行\driver-4\driverutil2\x64\release\driverutil2\mydriver.cat
f:\逆向从入门到改行\driver-4\driverutil2\x64\release\driverutil2.sys
c:\symbols\driverutil2.pdb
f:\逆向从入门到改行\driver-4\driverutil2\driverutil2\x64\release\mydriver.inf
f:\逆向从入门到改行\driver-4\driverutil2\x64\release\driverutil2.cer
f:\逆向从入门到改行\driver-4\driverutil2\driverutil2\x64\release\nativecodeanalysis.read.1.tlog
f:\逆向从入门到改行\driver-4\driverutil2\driverutil2\x64\release\vc.nativecodeanalysis.all.xml
f:\逆向从入门到改行\driver-4\driverutil2\x64\release\driverutil2.sys.lastcodeanalysissucceeded
f:\逆向从入门到改行\driver-4\driverutil2\driverutil2\x64\release\driverutil2.tlog\cl.command.1.tlog
f:\逆向从入门到改行\driver-4\driverutil2\driverutil2\x64\release\driverutil2.tlog\cl.read.1.tlog
f:\逆向从入门到改行\driver-4\driverutil2\driverutil2\x64\release\driverutil2.tlog\cl.write.1.tlog
f:\逆向从入门到改行\driver-4\driverutil2\driverutil2\x64\release\driverutil2.tlog\inf2cat-expand.10228.read.1.tlog
f:\逆向从入门到改行\driver-4\driverutil2\driverutil2\x64\release\driverutil2.tlog\inf2cat-expand.10228.write.1.tlog
f:\逆向从入门到改行\driver-4\driverutil2\driverutil2\x64\release\driverutil2.tlog\inf2cat-expand.read.1.tlog
f:\逆向从入门到改行\driver-4\driverutil2\driverutil2\x64\release\driverutil2.tlog\inf2cat-expand.write.1.tlog
f:\逆向从入门到改行\driver-4\driverutil2\driverutil2\x64\release\driverutil2.tlog\inf2cat.command.1.tlog
f:\逆向从入门到改行\driver-4\driverutil2\driverutil2\x64\release\driverutil2.tlog\inf2cat.read.1.tlog
f:\逆向从入门到改行\driver-4\driverutil2\driverutil2\x64\release\driverutil2.tlog\inf2cat.write.1.tlog
f:\逆向从入门到改行\driver-4\driverutil2\driverutil2\x64\release\driverutil2.tlog\link.command.1.tlog
f:\逆向从入门到改行\driver-4\driverutil2\driverutil2\x64\release\driverutil2.tlog\link.read.1.tlog
f:\逆向从入门到改行\driver-4\driverutil2\driverutil2\x64\release\driverutil2.tlog\link.write.1.tlog
f:\逆向从入门到改行\driver-4\driverutil2\driverutil2\x64\release\driverutil2.tlog\signtool.command.1.tlog
f:\逆向从入门到改行\driver-4\driverutil2\driverutil2\x64\release\driverutil2.tlog\signtool.read.1.tlog
f:\逆向从入门到改行\driver-4\driverutil2\driverutil2\x64\release\driverutil2.tlog\signtool.timestamp.1.tlog
f:\逆向从入门到改行\driver-4\driverutil2\driverutil2\x64\release\driverutil2.tlog\signtool.write.1.tlog
f:\逆向从入门到改行\driver-4\driverutil2\driverutil2\x64\release\driverutil2.tlog\stampinf.command.1.tlog
f:\逆向从入门到改行\driver-4\driverutil2\driverutil2\x64\release\driverutil2.tlog\stampinf.read.1.tlog
f:\逆向从入门到改行\driver-4\driverutil2\driverutil2\x64\release\driverutil2.tlog\stampinf.write.1.tlog
