  Building 'DriverUtil9' with toolset 'WindowsKernelModeDriver10.0' and the 'Desktop' target platform.
  Stamping x64\Debug\MyDriver.inf [Version] section with DriverVer=10/15/2016,0.30.12.730
  Assembling idthook.asm...
  Assembling pgDisable.asm...
  Assembling pgDisableHooker.asm...
  decoder.c
  distorm.c
  instructions.c
  insts.c
  mnemonics.c
  operands.c
  prefix.c
3rd\distorm\src\prefix.c(78): error C2063: “_PrefixIndexer”: 不是一个函数
  textdefs.c
  wstring.c
  endian.c
  inet.c
  ksocket.c
  ktdi.c
  正在生成代码...
  正在编译...
  Device.cpp
  distorm3.cpp
  Driver.cpp
  fnparse.cpp
  HookX64.cpp
  kernel_stl.cpp
  log.cpp
  Main.cpp
  mem_util.cpp
  NtFile.cpp
  ntos_util.cpp
  NtReg.cpp
  nt_patchguard.cpp
  PatchGuardPatch.cpp
  stdcpp.cpp
  test_util.cpp
  typeinfo.cpp
  util_idt.cpp
  util_version.cpp
  WinX.cpp
  正在生成代码...
  正在编译...
  write_jmp.cpp
  WskSocket.cpp
  正在生成代码...
