f:\逆向从入门到改行\driver-6\invisableirphook\invisableirphook\x64\release\vc140.pdb
f:\逆向从入门到改行\driver-6\invisableirphook\invisableirphook\x64\release\write_jmp.obj
f:\逆向从入门到改行\driver-6\invisableirphook\invisableirphook\x64\release\util_version.obj
f:\逆向从入门到改行\driver-6\invisableirphook\invisableirphook\x64\release\util_idt.obj
f:\逆向从入门到改行\driver-6\invisableirphook\invisableirphook\x64\release\typeinfo.obj
f:\逆向从入门到改行\driver-6\invisableirphook\invisableirphook\x64\release\stdcpp.obj
f:\逆向从入门到改行\driver-6\invisableirphook\invisableirphook\x64\release\ntreg.obj
f:\逆向从入门到改行\driver-6\invisableirphook\invisableirphook\x64\release\ntos_util.obj
f:\逆向从入门到改行\driver-6\invisableirphook\invisableirphook\x64\release\ntfile.obj
f:\逆向从入门到改行\driver-6\invisableirphook\invisableirphook\x64\release\mem_util.obj
f:\逆向从入门到改行\driver-6\invisableirphook\invisableirphook\x64\release\main.obj
f:\逆向从入门到改行\driver-6\invisableirphook\invisableirphook\x64\release\kernel_stl.obj
f:\逆向从入门到改行\driver-6\invisableirphook\invisableirphook\x64\release\driver.obj
f:\逆向从入门到改行\driver-6\invisableirphook\invisableirphook\x64\release\distorm3.obj
f:\逆向从入门到改行\driver-6\invisableirphook\invisableirphook\x64\release\device.obj
f:\逆向从入门到改行\driver-6\invisableirphook\invisableirphook\x64\release\test_util.obj
f:\逆向从入门到改行\driver-6\invisableirphook\invisableirphook\x64\release\hookx64.obj
f:\逆向从入门到改行\driver-6\invisableirphook\x64\release\invisableirphook\mydriver.cat
f:\逆向从入门到改行\driver-6\invisableirphook\invisableirphook\x64\release\idthook.obj
f:\逆向从入门到改行\driver-6\invisableirphook\x64\release\invisableirphook.sys
f:\逆向从入门到改行\driver-6\invisableirphook\invisableirphook\x64\release\mydriver.inf
f:\逆向从入门到改行\driver-6\invisableirphook\x64\release\invisableirphook.cer
f:\逆向从入门到改行\driver-6\invisableirphook\invisableirphook\x64\release\invisableirphook.tlog\cl.command.1.tlog
f:\逆向从入门到改行\driver-6\invisableirphook\invisableirphook\x64\release\invisableirphook.tlog\cl.read.1.tlog
f:\逆向从入门到改行\driver-6\invisableirphook\invisableirphook\x64\release\invisableirphook.tlog\cl.write.1.tlog
f:\逆向从入门到改行\driver-6\invisableirphook\invisableirphook\x64\release\invisableirphook.tlog\inf2cat-expand.10540.read.1.tlog
f:\逆向从入门到改行\driver-6\invisableirphook\invisableirphook\x64\release\invisableirphook.tlog\inf2cat-expand.10540.write.1.tlog
f:\逆向从入门到改行\driver-6\invisableirphook\invisableirphook\x64\release\invisableirphook.tlog\inf2cat-expand.12948.read.1.tlog
f:\逆向从入门到改行\driver-6\invisableirphook\invisableirphook\x64\release\invisableirphook.tlog\inf2cat-expand.12948.write.1.tlog
f:\逆向从入门到改行\driver-6\invisableirphook\invisableirphook\x64\release\invisableirphook.tlog\inf2cat-expand.13452.read.1.tlog
f:\逆向从入门到改行\driver-6\invisableirphook\invisableirphook\x64\release\invisableirphook.tlog\inf2cat-expand.13452.write.1.tlog
f:\逆向从入门到改行\driver-6\invisableirphook\invisableirphook\x64\release\invisableirphook.tlog\inf2cat-expand.15348.read.1.tlog
f:\逆向从入门到改行\driver-6\invisableirphook\invisableirphook\x64\release\invisableirphook.tlog\inf2cat-expand.15348.write.1.tlog
f:\逆向从入门到改行\driver-6\invisableirphook\invisableirphook\x64\release\invisableirphook.tlog\inf2cat-expand.22904.read.1.tlog
f:\逆向从入门到改行\driver-6\invisableirphook\invisableirphook\x64\release\invisableirphook.tlog\inf2cat-expand.22904.write.1.tlog
f:\逆向从入门到改行\driver-6\invisableirphook\invisableirphook\x64\release\invisableirphook.tlog\inf2cat-expand.31392.read.1.tlog
f:\逆向从入门到改行\driver-6\invisableirphook\invisableirphook\x64\release\invisableirphook.tlog\inf2cat-expand.31392.write.1.tlog
f:\逆向从入门到改行\driver-6\invisableirphook\invisableirphook\x64\release\invisableirphook.tlog\inf2cat-expand.33220.read.1.tlog
f:\逆向从入门到改行\driver-6\invisableirphook\invisableirphook\x64\release\invisableirphook.tlog\inf2cat-expand.33220.write.1.tlog
f:\逆向从入门到改行\driver-6\invisableirphook\invisableirphook\x64\release\invisableirphook.tlog\inf2cat-expand.36452.read.1.tlog
f:\逆向从入门到改行\driver-6\invisableirphook\invisableirphook\x64\release\invisableirphook.tlog\inf2cat-expand.36452.write.1.tlog
f:\逆向从入门到改行\driver-6\invisableirphook\invisableirphook\x64\release\invisableirphook.tlog\inf2cat-expand.37068.read.1.tlog
f:\逆向从入门到改行\driver-6\invisableirphook\invisableirphook\x64\release\invisableirphook.tlog\inf2cat-expand.37068.write.1.tlog
f:\逆向从入门到改行\driver-6\invisableirphook\invisableirphook\x64\release\invisableirphook.tlog\inf2cat-expand.37460.read.1.tlog
f:\逆向从入门到改行\driver-6\invisableirphook\invisableirphook\x64\release\invisableirphook.tlog\inf2cat-expand.37460.write.1.tlog
f:\逆向从入门到改行\driver-6\invisableirphook\invisableirphook\x64\release\invisableirphook.tlog\inf2cat-expand.42680.read.1.tlog
f:\逆向从入门到改行\driver-6\invisableirphook\invisableirphook\x64\release\invisableirphook.tlog\inf2cat-expand.42680.write.1.tlog
f:\逆向从入门到改行\driver-6\invisableirphook\invisableirphook\x64\release\invisableirphook.tlog\inf2cat-expand.43848.read.1.tlog
f:\逆向从入门到改行\driver-6\invisableirphook\invisableirphook\x64\release\invisableirphook.tlog\inf2cat-expand.43848.write.1.tlog
f:\逆向从入门到改行\driver-6\invisableirphook\invisableirphook\x64\release\invisableirphook.tlog\inf2cat-expand.46708.read.1.tlog
f:\逆向从入门到改行\driver-6\invisableirphook\invisableirphook\x64\release\invisableirphook.tlog\inf2cat-expand.46708.write.1.tlog
f:\逆向从入门到改行\driver-6\invisableirphook\invisableirphook\x64\release\invisableirphook.tlog\inf2cat-expand.47372.read.1.tlog
f:\逆向从入门到改行\driver-6\invisableirphook\invisableirphook\x64\release\invisableirphook.tlog\inf2cat-expand.47372.write.1.tlog
f:\逆向从入门到改行\driver-6\invisableirphook\invisableirphook\x64\release\invisableirphook.tlog\inf2cat-expand.48580.read.1.tlog
f:\逆向从入门到改行\driver-6\invisableirphook\invisableirphook\x64\release\invisableirphook.tlog\inf2cat-expand.48580.write.1.tlog
f:\逆向从入门到改行\driver-6\invisableirphook\invisableirphook\x64\release\invisableirphook.tlog\inf2cat-expand.52012.read.1.tlog
f:\逆向从入门到改行\driver-6\invisableirphook\invisableirphook\x64\release\invisableirphook.tlog\inf2cat-expand.52012.write.1.tlog
f:\逆向从入门到改行\driver-6\invisableirphook\invisableirphook\x64\release\invisableirphook.tlog\inf2cat-expand.5296.read.1.tlog
f:\逆向从入门到改行\driver-6\invisableirphook\invisableirphook\x64\release\invisableirphook.tlog\inf2cat-expand.5296.write.1.tlog
f:\逆向从入门到改行\driver-6\invisableirphook\invisableirphook\x64\release\invisableirphook.tlog\inf2cat-expand.53040.read.1.tlog
f:\逆向从入门到改行\driver-6\invisableirphook\invisableirphook\x64\release\invisableirphook.tlog\inf2cat-expand.53040.write.1.tlog
f:\逆向从入门到改行\driver-6\invisableirphook\invisableirphook\x64\release\invisableirphook.tlog\inf2cat-expand.53164.read.1.tlog
f:\逆向从入门到改行\driver-6\invisableirphook\invisableirphook\x64\release\invisableirphook.tlog\inf2cat-expand.53164.write.1.tlog
f:\逆向从入门到改行\driver-6\invisableirphook\invisableirphook\x64\release\invisableirphook.tlog\inf2cat-expand.57364.read.1.tlog
f:\逆向从入门到改行\driver-6\invisableirphook\invisableirphook\x64\release\invisableirphook.tlog\inf2cat-expand.57364.write.1.tlog
f:\逆向从入门到改行\driver-6\invisableirphook\invisableirphook\x64\release\invisableirphook.tlog\inf2cat-expand.60852.read.1.tlog
f:\逆向从入门到改行\driver-6\invisableirphook\invisableirphook\x64\release\invisableirphook.tlog\inf2cat-expand.60852.write.1.tlog
f:\逆向从入门到改行\driver-6\invisableirphook\invisableirphook\x64\release\invisableirphook.tlog\inf2cat-expand.61912.read.1.tlog
f:\逆向从入门到改行\driver-6\invisableirphook\invisableirphook\x64\release\invisableirphook.tlog\inf2cat-expand.61912.write.1.tlog
f:\逆向从入门到改行\driver-6\invisableirphook\invisableirphook\x64\release\invisableirphook.tlog\inf2cat-expand.62180.read.1.tlog
f:\逆向从入门到改行\driver-6\invisableirphook\invisableirphook\x64\release\invisableirphook.tlog\inf2cat-expand.62180.write.1.tlog
f:\逆向从入门到改行\driver-6\invisableirphook\invisableirphook\x64\release\invisableirphook.tlog\inf2cat-expand.65780.read.1.tlog
f:\逆向从入门到改行\driver-6\invisableirphook\invisableirphook\x64\release\invisableirphook.tlog\inf2cat-expand.65780.write.1.tlog
f:\逆向从入门到改行\driver-6\invisableirphook\invisableirphook\x64\release\invisableirphook.tlog\inf2cat-expand.68380.read.1.tlog
f:\逆向从入门到改行\driver-6\invisableirphook\invisableirphook\x64\release\invisableirphook.tlog\inf2cat-expand.68380.write.1.tlog
f:\逆向从入门到改行\driver-6\invisableirphook\invisableirphook\x64\release\invisableirphook.tlog\inf2cat-expand.69536.read.1.tlog
f:\逆向从入门到改行\driver-6\invisableirphook\invisableirphook\x64\release\invisableirphook.tlog\inf2cat-expand.69536.write.1.tlog
f:\逆向从入门到改行\driver-6\invisableirphook\invisableirphook\x64\release\invisableirphook.tlog\inf2cat-expand.69768.read.1.tlog
f:\逆向从入门到改行\driver-6\invisableirphook\invisableirphook\x64\release\invisableirphook.tlog\inf2cat-expand.69768.write.1.tlog
f:\逆向从入门到改行\driver-6\invisableirphook\invisableirphook\x64\release\invisableirphook.tlog\inf2cat-expand.read.1.tlog
f:\逆向从入门到改行\driver-6\invisableirphook\invisableirphook\x64\release\invisableirphook.tlog\inf2cat-expand.write.1.tlog
f:\逆向从入门到改行\driver-6\invisableirphook\invisableirphook\x64\release\invisableirphook.tlog\inf2cat.command.1.tlog
f:\逆向从入门到改行\driver-6\invisableirphook\invisableirphook\x64\release\invisableirphook.tlog\inf2cat.read.1.tlog
f:\逆向从入门到改行\driver-6\invisableirphook\invisableirphook\x64\release\invisableirphook.tlog\inf2cat.write.1.tlog
f:\逆向从入门到改行\driver-6\invisableirphook\invisableirphook\x64\release\invisableirphook.tlog\invisableirphook.write.1u.tlog
f:\逆向从入门到改行\driver-6\invisableirphook\invisableirphook\x64\release\invisableirphook.tlog\link.command.1.tlog
f:\逆向从入门到改行\driver-6\invisableirphook\invisableirphook\x64\release\invisableirphook.tlog\link.read.1.tlog
f:\逆向从入门到改行\driver-6\invisableirphook\invisableirphook\x64\release\invisableirphook.tlog\link.write.1.tlog
f:\逆向从入门到改行\driver-6\invisableirphook\invisableirphook\x64\release\invisableirphook.tlog\signtool.command.1.tlog
f:\逆向从入门到改行\driver-6\invisableirphook\invisableirphook\x64\release\invisableirphook.tlog\signtool.read.1.tlog
f:\逆向从入门到改行\driver-6\invisableirphook\invisableirphook\x64\release\invisableirphook.tlog\signtool.timestamp.1.tlog
f:\逆向从入门到改行\driver-6\invisableirphook\invisableirphook\x64\release\invisableirphook.tlog\signtool.write.1.tlog
f:\逆向从入门到改行\driver-6\invisableirphook\invisableirphook\x64\release\invisableirphook.tlog\stampinf.command.1.tlog
f:\逆向从入门到改行\driver-6\invisableirphook\invisableirphook\x64\release\invisableirphook.tlog\stampinf.read.1.tlog
f:\逆向从入门到改行\driver-6\invisableirphook\invisableirphook\x64\release\invisableirphook.tlog\stampinf.write.1.tlog
