f:\逆向从入门到改行\driver-3\driverutil\driverutil\x64\release\vc140.pdb
f:\逆向从入门到改行\driver-3\driverutil\driverutil\x64\release\typeinfo.obj
f:\逆向从入门到改行\driver-3\driverutil\driverutil\x64\release\stdcpp.obj
f:\逆向从入门到改行\driver-3\driverutil\driverutil\x64\release\ntreg.obj
f:\逆向从入门到改行\driver-3\driverutil\driverutil\x64\release\ntfile.obj
f:\逆向从入门到改行\driver-3\driverutil\driverutil\x64\release\main.obj
f:\逆向从入门到改行\driver-3\driverutil\driverutil\x64\release\kernel_stl.obj
f:\逆向从入门到改行\driver-3\driverutil\driverutil\x64\release\driver.obj
f:\逆向从入门到改行\driver-3\driverutil\driverutil\x64\release\device.obj
f:\逆向从入门到改行\driver-3\driverutil\x64\release\driverutil\mydriver.cat
f:\逆向从入门到改行\driver-3\driverutil\x64\release\driverutil.sys
c:\symbols\driverutil.pdb
f:\逆向从入门到改行\driver-3\driverutil\driverutil\x64\release\mydriver.inf
f:\逆向从入门到改行\driver-3\driverutil\x64\release\driverutil.cer
f:\逆向从入门到改行\driver-3\driverutil\driverutil\x64\release\driverutil.tlog\cl.command.1.tlog
f:\逆向从入门到改行\driver-3\driverutil\driverutil\x64\release\driverutil.tlog\cl.read.1.tlog
f:\逆向从入门到改行\driver-3\driverutil\driverutil\x64\release\driverutil.tlog\cl.write.1.tlog
f:\逆向从入门到改行\driver-3\driverutil\driverutil\x64\release\driverutil.tlog\inf2cat-expand.24008.read.1.tlog
f:\逆向从入门到改行\driver-3\driverutil\driverutil\x64\release\driverutil.tlog\inf2cat-expand.24008.write.1.tlog
f:\逆向从入门到改行\driver-3\driverutil\driverutil\x64\release\driverutil.tlog\inf2cat-expand.read.1.tlog
f:\逆向从入门到改行\driver-3\driverutil\driverutil\x64\release\driverutil.tlog\inf2cat-expand.write.1.tlog
f:\逆向从入门到改行\driver-3\driverutil\driverutil\x64\release\driverutil.tlog\inf2cat.command.1.tlog
f:\逆向从入门到改行\driver-3\driverutil\driverutil\x64\release\driverutil.tlog\inf2cat.read.1.tlog
f:\逆向从入门到改行\driver-3\driverutil\driverutil\x64\release\driverutil.tlog\inf2cat.write.1.tlog
f:\逆向从入门到改行\driver-3\driverutil\driverutil\x64\release\driverutil.tlog\link.command.1.tlog
f:\逆向从入门到改行\driver-3\driverutil\driverutil\x64\release\driverutil.tlog\link.read.1.tlog
f:\逆向从入门到改行\driver-3\driverutil\driverutil\x64\release\driverutil.tlog\link.write.1.tlog
f:\逆向从入门到改行\driver-3\driverutil\driverutil\x64\release\driverutil.tlog\signtool.command.1.tlog
f:\逆向从入门到改行\driver-3\driverutil\driverutil\x64\release\driverutil.tlog\signtool.read.1.tlog
f:\逆向从入门到改行\driver-3\driverutil\driverutil\x64\release\driverutil.tlog\signtool.timestamp.1.tlog
f:\逆向从入门到改行\driver-3\driverutil\driverutil\x64\release\driverutil.tlog\signtool.write.1.tlog
f:\逆向从入门到改行\driver-3\driverutil\driverutil\x64\release\driverutil.tlog\stampinf.command.1.tlog
f:\逆向从入门到改行\driver-3\driverutil\driverutil\x64\release\driverutil.tlog\stampinf.read.1.tlog
f:\逆向从入门到改行\driver-3\driverutil\driverutil\x64\release\driverutil.tlog\stampinf.write.1.tlog
