f:\逆向从入门到改行\driver-9\driverutil7\driverutil7\x64\release\vc140.pdb
f:\逆向从入门到改行\driver-9\driverutil7\driverutil7\x64\release\ktdi.obj
f:\逆向从入门到改行\driver-9\driverutil7\driverutil7\x64\release\ksocket.obj
f:\逆向从入门到改行\driver-9\driverutil7\driverutil7\x64\release\inet.obj
f:\逆向从入门到改行\driver-9\driverutil7\driverutil7\x64\release\endian.obj
f:\逆向从入门到改行\driver-9\driverutil7\driverutil7\x64\release\winx.obj
f:\逆向从入门到改行\driver-9\driverutil7\driverutil7\x64\release\util_version.obj
f:\逆向从入门到改行\driver-9\driverutil7\driverutil7\x64\release\util_idt.obj
f:\逆向从入门到改行\driver-9\driverutil7\driverutil7\x64\release\typeinfo.obj
f:\逆向从入门到改行\driver-9\driverutil7\driverutil7\x64\release\test_util.obj
f:\逆向从入门到改行\driver-9\driverutil7\driverutil7\x64\release\stdcpp.obj
f:\逆向从入门到改行\driver-9\driverutil7\driverutil7\x64\release\patchguardpatch.obj
f:\逆向从入门到改行\driver-9\driverutil7\driverutil7\x64\release\nt_patchguard.obj
f:\逆向从入门到改行\driver-9\driverutil7\driverutil7\x64\release\ntreg.obj
f:\逆向从入门到改行\driver-9\driverutil7\driverutil7\x64\release\ntos_util.obj
f:\逆向从入门到改行\driver-9\driverutil7\driverutil7\x64\release\ntfile.obj
f:\逆向从入门到改行\driver-9\driverutil7\driverutil7\x64\release\mem_util.obj
f:\逆向从入门到改行\driver-9\driverutil7\driverutil7\x64\release\main.obj
f:\逆向从入门到改行\driver-9\driverutil7\driverutil7\x64\release\log.obj
f:\逆向从入门到改行\driver-9\driverutil7\driverutil7\x64\release\kernel_stl.obj
f:\逆向从入门到改行\driver-9\driverutil7\driverutil7\x64\release\hookx64.obj
f:\逆向从入门到改行\driver-9\driverutil7\driverutil7\x64\release\fnparse.obj
f:\逆向从入门到改行\driver-9\driverutil7\driverutil7\x64\release\driver.obj
f:\逆向从入门到改行\driver-9\driverutil7\driverutil7\x64\release\distorm3.obj
f:\逆向从入门到改行\driver-9\driverutil7\driverutil7\x64\release\device.obj
f:\逆向从入门到改行\driver-9\driverutil7\driverutil7\x64\release\wsksocket.obj
f:\逆向从入门到改行\driver-9\driverutil7\driverutil7\x64\release\write_jmp.obj
f:\逆向从入门到改行\driver-9\driverutil7\driverutil7\x64\release\idthook.obj
f:\逆向从入门到改行\driver-9\driverutil7\driverutil7\x64\release\pgdisable.obj
f:\逆向从入门到改行\driver-9\driverutil7\driverutil7\x64\release\pgdisablehooker.obj
f:\逆向从入门到改行\driver-9\driverutil7\x64\release\driverutil7\mydriver.cat
f:\逆向从入门到改行\driver-9\driverutil7\x64\release\driverutil7.sys
c:\symbols\driverutil7.pdb
f:\逆向从入门到改行\driver-9\driverutil7\driverutil7\x64\release\mydriver.inf
f:\逆向从入门到改行\driver-9\driverutil7\x64\release\driverutil7.cer
f:\逆向从入门到改行\driver-9\driverutil7\driverutil7\x64\release\driverutil7.tlog\cl.command.1.tlog
f:\逆向从入门到改行\driver-9\driverutil7\driverutil7\x64\release\driverutil7.tlog\cl.read.1.tlog
f:\逆向从入门到改行\driver-9\driverutil7\driverutil7\x64\release\driverutil7.tlog\cl.write.1.tlog
f:\逆向从入门到改行\driver-9\driverutil7\driverutil7\x64\release\driverutil7.tlog\driverutil7.write.1u.tlog
f:\逆向从入门到改行\driver-9\driverutil7\driverutil7\x64\release\driverutil7.tlog\inf2cat-expand.10340.read.1.tlog
f:\逆向从入门到改行\driver-9\driverutil7\driverutil7\x64\release\driverutil7.tlog\inf2cat-expand.10340.write.1.tlog
f:\逆向从入门到改行\driver-9\driverutil7\driverutil7\x64\release\driverutil7.tlog\inf2cat-expand.10564.read.1.tlog
f:\逆向从入门到改行\driver-9\driverutil7\driverutil7\x64\release\driverutil7.tlog\inf2cat-expand.10564.write.1.tlog
f:\逆向从入门到改行\driver-9\driverutil7\driverutil7\x64\release\driverutil7.tlog\inf2cat-expand.11032.read.1.tlog
f:\逆向从入门到改行\driver-9\driverutil7\driverutil7\x64\release\driverutil7.tlog\inf2cat-expand.11032.write.1.tlog
f:\逆向从入门到改行\driver-9\driverutil7\driverutil7\x64\release\driverutil7.tlog\inf2cat-expand.11144.read.1.tlog
f:\逆向从入门到改行\driver-9\driverutil7\driverutil7\x64\release\driverutil7.tlog\inf2cat-expand.11144.write.1.tlog
f:\逆向从入门到改行\driver-9\driverutil7\driverutil7\x64\release\driverutil7.tlog\inf2cat-expand.11548.read.1.tlog
f:\逆向从入门到改行\driver-9\driverutil7\driverutil7\x64\release\driverutil7.tlog\inf2cat-expand.11548.write.1.tlog
f:\逆向从入门到改行\driver-9\driverutil7\driverutil7\x64\release\driverutil7.tlog\inf2cat-expand.12180.read.1.tlog
f:\逆向从入门到改行\driver-9\driverutil7\driverutil7\x64\release\driverutil7.tlog\inf2cat-expand.12180.write.1.tlog
f:\逆向从入门到改行\driver-9\driverutil7\driverutil7\x64\release\driverutil7.tlog\inf2cat-expand.12504.read.1.tlog
f:\逆向从入门到改行\driver-9\driverutil7\driverutil7\x64\release\driverutil7.tlog\inf2cat-expand.12504.write.1.tlog
f:\逆向从入门到改行\driver-9\driverutil7\driverutil7\x64\release\driverutil7.tlog\inf2cat-expand.12544.read.1.tlog
f:\逆向从入门到改行\driver-9\driverutil7\driverutil7\x64\release\driverutil7.tlog\inf2cat-expand.12544.write.1.tlog
f:\逆向从入门到改行\driver-9\driverutil7\driverutil7\x64\release\driverutil7.tlog\inf2cat-expand.13168.read.1.tlog
f:\逆向从入门到改行\driver-9\driverutil7\driverutil7\x64\release\driverutil7.tlog\inf2cat-expand.13168.write.1.tlog
f:\逆向从入门到改行\driver-9\driverutil7\driverutil7\x64\release\driverutil7.tlog\inf2cat-expand.13480.read.1.tlog
f:\逆向从入门到改行\driver-9\driverutil7\driverutil7\x64\release\driverutil7.tlog\inf2cat-expand.13480.write.1.tlog
f:\逆向从入门到改行\driver-9\driverutil7\driverutil7\x64\release\driverutil7.tlog\inf2cat-expand.13600.read.1.tlog
f:\逆向从入门到改行\driver-9\driverutil7\driverutil7\x64\release\driverutil7.tlog\inf2cat-expand.13600.write.1.tlog
f:\逆向从入门到改行\driver-9\driverutil7\driverutil7\x64\release\driverutil7.tlog\inf2cat-expand.13696.read.1.tlog
f:\逆向从入门到改行\driver-9\driverutil7\driverutil7\x64\release\driverutil7.tlog\inf2cat-expand.13696.write.1.tlog
f:\逆向从入门到改行\driver-9\driverutil7\driverutil7\x64\release\driverutil7.tlog\inf2cat-expand.14196.read.1.tlog
f:\逆向从入门到改行\driver-9\driverutil7\driverutil7\x64\release\driverutil7.tlog\inf2cat-expand.14196.write.1.tlog
f:\逆向从入门到改行\driver-9\driverutil7\driverutil7\x64\release\driverutil7.tlog\inf2cat-expand.14364.read.1.tlog
f:\逆向从入门到改行\driver-9\driverutil7\driverutil7\x64\release\driverutil7.tlog\inf2cat-expand.14364.write.1.tlog
f:\逆向从入门到改行\driver-9\driverutil7\driverutil7\x64\release\driverutil7.tlog\inf2cat-expand.14372.read.1.tlog
f:\逆向从入门到改行\driver-9\driverutil7\driverutil7\x64\release\driverutil7.tlog\inf2cat-expand.14372.write.1.tlog
f:\逆向从入门到改行\driver-9\driverutil7\driverutil7\x64\release\driverutil7.tlog\inf2cat-expand.14384.read.1.tlog
f:\逆向从入门到改行\driver-9\driverutil7\driverutil7\x64\release\driverutil7.tlog\inf2cat-expand.14384.write.1.tlog
f:\逆向从入门到改行\driver-9\driverutil7\driverutil7\x64\release\driverutil7.tlog\inf2cat-expand.14420.read.1.tlog
f:\逆向从入门到改行\driver-9\driverutil7\driverutil7\x64\release\driverutil7.tlog\inf2cat-expand.14420.write.1.tlog
f:\逆向从入门到改行\driver-9\driverutil7\driverutil7\x64\release\driverutil7.tlog\inf2cat-expand.14424.read.1.tlog
f:\逆向从入门到改行\driver-9\driverutil7\driverutil7\x64\release\driverutil7.tlog\inf2cat-expand.14424.write.1.tlog
f:\逆向从入门到改行\driver-9\driverutil7\driverutil7\x64\release\driverutil7.tlog\inf2cat-expand.14508.read.1.tlog
f:\逆向从入门到改行\driver-9\driverutil7\driverutil7\x64\release\driverutil7.tlog\inf2cat-expand.14508.write.1.tlog
f:\逆向从入门到改行\driver-9\driverutil7\driverutil7\x64\release\driverutil7.tlog\inf2cat-expand.15200.read.1.tlog
f:\逆向从入门到改行\driver-9\driverutil7\driverutil7\x64\release\driverutil7.tlog\inf2cat-expand.15200.write.1.tlog
f:\逆向从入门到改行\driver-9\driverutil7\driverutil7\x64\release\driverutil7.tlog\inf2cat-expand.15332.read.1.tlog
f:\逆向从入门到改行\driver-9\driverutil7\driverutil7\x64\release\driverutil7.tlog\inf2cat-expand.15332.write.1.tlog
f:\逆向从入门到改行\driver-9\driverutil7\driverutil7\x64\release\driverutil7.tlog\inf2cat-expand.15696.read.1.tlog
f:\逆向从入门到改行\driver-9\driverutil7\driverutil7\x64\release\driverutil7.tlog\inf2cat-expand.15696.write.1.tlog
f:\逆向从入门到改行\driver-9\driverutil7\driverutil7\x64\release\driverutil7.tlog\inf2cat-expand.15708.read.1.tlog
f:\逆向从入门到改行\driver-9\driverutil7\driverutil7\x64\release\driverutil7.tlog\inf2cat-expand.15708.write.1.tlog
f:\逆向从入门到改行\driver-9\driverutil7\driverutil7\x64\release\driverutil7.tlog\inf2cat-expand.15756.read.1.tlog
f:\逆向从入门到改行\driver-9\driverutil7\driverutil7\x64\release\driverutil7.tlog\inf2cat-expand.15756.write.1.tlog
f:\逆向从入门到改行\driver-9\driverutil7\driverutil7\x64\release\driverutil7.tlog\inf2cat-expand.15760.read.1.tlog
f:\逆向从入门到改行\driver-9\driverutil7\driverutil7\x64\release\driverutil7.tlog\inf2cat-expand.15760.write.1.tlog
f:\逆向从入门到改行\driver-9\driverutil7\driverutil7\x64\release\driverutil7.tlog\inf2cat-expand.15968.read.1.tlog
f:\逆向从入门到改行\driver-9\driverutil7\driverutil7\x64\release\driverutil7.tlog\inf2cat-expand.15968.write.1.tlog
f:\逆向从入门到改行\driver-9\driverutil7\driverutil7\x64\release\driverutil7.tlog\inf2cat-expand.16224.read.1.tlog
f:\逆向从入门到改行\driver-9\driverutil7\driverutil7\x64\release\driverutil7.tlog\inf2cat-expand.16224.write.1.tlog
f:\逆向从入门到改行\driver-9\driverutil7\driverutil7\x64\release\driverutil7.tlog\inf2cat-expand.16300.read.1.tlog
f:\逆向从入门到改行\driver-9\driverutil7\driverutil7\x64\release\driverutil7.tlog\inf2cat-expand.16300.write.1.tlog
f:\逆向从入门到改行\driver-9\driverutil7\driverutil7\x64\release\driverutil7.tlog\inf2cat-expand.16424.read.1.tlog
f:\逆向从入门到改行\driver-9\driverutil7\driverutil7\x64\release\driverutil7.tlog\inf2cat-expand.16424.write.1.tlog
f:\逆向从入门到改行\driver-9\driverutil7\driverutil7\x64\release\driverutil7.tlog\inf2cat-expand.16808.read.1.tlog
f:\逆向从入门到改行\driver-9\driverutil7\driverutil7\x64\release\driverutil7.tlog\inf2cat-expand.16808.write.1.tlog
f:\逆向从入门到改行\driver-9\driverutil7\driverutil7\x64\release\driverutil7.tlog\inf2cat-expand.16960.read.1.tlog
f:\逆向从入门到改行\driver-9\driverutil7\driverutil7\x64\release\driverutil7.tlog\inf2cat-expand.16960.write.1.tlog
f:\逆向从入门到改行\driver-9\driverutil7\driverutil7\x64\release\driverutil7.tlog\inf2cat-expand.16964.read.1.tlog
f:\逆向从入门到改行\driver-9\driverutil7\driverutil7\x64\release\driverutil7.tlog\inf2cat-expand.16964.write.1.tlog
f:\逆向从入门到改行\driver-9\driverutil7\driverutil7\x64\release\driverutil7.tlog\inf2cat-expand.16984.read.1.tlog
f:\逆向从入门到改行\driver-9\driverutil7\driverutil7\x64\release\driverutil7.tlog\inf2cat-expand.16984.write.1.tlog
f:\逆向从入门到改行\driver-9\driverutil7\driverutil7\x64\release\driverutil7.tlog\inf2cat-expand.17040.read.1.tlog
f:\逆向从入门到改行\driver-9\driverutil7\driverutil7\x64\release\driverutil7.tlog\inf2cat-expand.17040.write.1.tlog
f:\逆向从入门到改行\driver-9\driverutil7\driverutil7\x64\release\driverutil7.tlog\inf2cat-expand.17212.read.1.tlog
f:\逆向从入门到改行\driver-9\driverutil7\driverutil7\x64\release\driverutil7.tlog\inf2cat-expand.17212.write.1.tlog
f:\逆向从入门到改行\driver-9\driverutil7\driverutil7\x64\release\driverutil7.tlog\inf2cat-expand.17228.read.1.tlog
f:\逆向从入门到改行\driver-9\driverutil7\driverutil7\x64\release\driverutil7.tlog\inf2cat-expand.17228.write.1.tlog
f:\逆向从入门到改行\driver-9\driverutil7\driverutil7\x64\release\driverutil7.tlog\inf2cat-expand.17472.read.1.tlog
f:\逆向从入门到改行\driver-9\driverutil7\driverutil7\x64\release\driverutil7.tlog\inf2cat-expand.17472.write.1.tlog
f:\逆向从入门到改行\driver-9\driverutil7\driverutil7\x64\release\driverutil7.tlog\inf2cat-expand.17508.read.1.tlog
f:\逆向从入门到改行\driver-9\driverutil7\driverutil7\x64\release\driverutil7.tlog\inf2cat-expand.17508.write.1.tlog
f:\逆向从入门到改行\driver-9\driverutil7\driverutil7\x64\release\driverutil7.tlog\inf2cat-expand.17572.read.1.tlog
f:\逆向从入门到改行\driver-9\driverutil7\driverutil7\x64\release\driverutil7.tlog\inf2cat-expand.17572.write.1.tlog
f:\逆向从入门到改行\driver-9\driverutil7\driverutil7\x64\release\driverutil7.tlog\inf2cat-expand.17628.read.1.tlog
f:\逆向从入门到改行\driver-9\driverutil7\driverutil7\x64\release\driverutil7.tlog\inf2cat-expand.17628.write.1.tlog
f:\逆向从入门到改行\driver-9\driverutil7\driverutil7\x64\release\driverutil7.tlog\inf2cat-expand.17684.read.1.tlog
f:\逆向从入门到改行\driver-9\driverutil7\driverutil7\x64\release\driverutil7.tlog\inf2cat-expand.17684.write.1.tlog
f:\逆向从入门到改行\driver-9\driverutil7\driverutil7\x64\release\driverutil7.tlog\inf2cat-expand.17744.read.1.tlog
f:\逆向从入门到改行\driver-9\driverutil7\driverutil7\x64\release\driverutil7.tlog\inf2cat-expand.17744.write.1.tlog
f:\逆向从入门到改行\driver-9\driverutil7\driverutil7\x64\release\driverutil7.tlog\inf2cat-expand.17868.read.1.tlog
f:\逆向从入门到改行\driver-9\driverutil7\driverutil7\x64\release\driverutil7.tlog\inf2cat-expand.17868.write.1.tlog
f:\逆向从入门到改行\driver-9\driverutil7\driverutil7\x64\release\driverutil7.tlog\inf2cat-expand.18048.read.1.tlog
f:\逆向从入门到改行\driver-9\driverutil7\driverutil7\x64\release\driverutil7.tlog\inf2cat-expand.18048.write.1.tlog
f:\逆向从入门到改行\driver-9\driverutil7\driverutil7\x64\release\driverutil7.tlog\inf2cat-expand.18220.read.1.tlog
f:\逆向从入门到改行\driver-9\driverutil7\driverutil7\x64\release\driverutil7.tlog\inf2cat-expand.18220.write.1.tlog
f:\逆向从入门到改行\driver-9\driverutil7\driverutil7\x64\release\driverutil7.tlog\inf2cat-expand.18356.read.1.tlog
f:\逆向从入门到改行\driver-9\driverutil7\driverutil7\x64\release\driverutil7.tlog\inf2cat-expand.18356.write.1.tlog
f:\逆向从入门到改行\driver-9\driverutil7\driverutil7\x64\release\driverutil7.tlog\inf2cat-expand.20776.read.1.tlog
f:\逆向从入门到改行\driver-9\driverutil7\driverutil7\x64\release\driverutil7.tlog\inf2cat-expand.20776.write.1.tlog
f:\逆向从入门到改行\driver-9\driverutil7\driverutil7\x64\release\driverutil7.tlog\inf2cat-expand.2212.read.1.tlog
f:\逆向从入门到改行\driver-9\driverutil7\driverutil7\x64\release\driverutil7.tlog\inf2cat-expand.2212.write.1.tlog
f:\逆向从入门到改行\driver-9\driverutil7\driverutil7\x64\release\driverutil7.tlog\inf2cat-expand.4220.read.1.tlog
f:\逆向从入门到改行\driver-9\driverutil7\driverutil7\x64\release\driverutil7.tlog\inf2cat-expand.4220.write.1.tlog
f:\逆向从入门到改行\driver-9\driverutil7\driverutil7\x64\release\driverutil7.tlog\inf2cat-expand.4392.read.1.tlog
f:\逆向从入门到改行\driver-9\driverutil7\driverutil7\x64\release\driverutil7.tlog\inf2cat-expand.4392.write.1.tlog
f:\逆向从入门到改行\driver-9\driverutil7\driverutil7\x64\release\driverutil7.tlog\inf2cat-expand.7188.read.1.tlog
f:\逆向从入门到改行\driver-9\driverutil7\driverutil7\x64\release\driverutil7.tlog\inf2cat-expand.7188.write.1.tlog
f:\逆向从入门到改行\driver-9\driverutil7\driverutil7\x64\release\driverutil7.tlog\inf2cat-expand.7292.read.1.tlog
f:\逆向从入门到改行\driver-9\driverutil7\driverutil7\x64\release\driverutil7.tlog\inf2cat-expand.7292.write.1.tlog
f:\逆向从入门到改行\driver-9\driverutil7\driverutil7\x64\release\driverutil7.tlog\inf2cat-expand.7488.read.1.tlog
f:\逆向从入门到改行\driver-9\driverutil7\driverutil7\x64\release\driverutil7.tlog\inf2cat-expand.7488.write.1.tlog
f:\逆向从入门到改行\driver-9\driverutil7\driverutil7\x64\release\driverutil7.tlog\inf2cat-expand.7624.read.1.tlog
f:\逆向从入门到改行\driver-9\driverutil7\driverutil7\x64\release\driverutil7.tlog\inf2cat-expand.7624.write.1.tlog
f:\逆向从入门到改行\driver-9\driverutil7\driverutil7\x64\release\driverutil7.tlog\inf2cat-expand.7648.read.1.tlog
f:\逆向从入门到改行\driver-9\driverutil7\driverutil7\x64\release\driverutil7.tlog\inf2cat-expand.7648.write.1.tlog
f:\逆向从入门到改行\driver-9\driverutil7\driverutil7\x64\release\driverutil7.tlog\inf2cat-expand.8004.read.1.tlog
f:\逆向从入门到改行\driver-9\driverutil7\driverutil7\x64\release\driverutil7.tlog\inf2cat-expand.8004.write.1.tlog
f:\逆向从入门到改行\driver-9\driverutil7\driverutil7\x64\release\driverutil7.tlog\inf2cat-expand.8100.read.1.tlog
f:\逆向从入门到改行\driver-9\driverutil7\driverutil7\x64\release\driverutil7.tlog\inf2cat-expand.8100.write.1.tlog
f:\逆向从入门到改行\driver-9\driverutil7\driverutil7\x64\release\driverutil7.tlog\inf2cat-expand.8344.read.1.tlog
f:\逆向从入门到改行\driver-9\driverutil7\driverutil7\x64\release\driverutil7.tlog\inf2cat-expand.8344.write.1.tlog
f:\逆向从入门到改行\driver-9\driverutil7\driverutil7\x64\release\driverutil7.tlog\inf2cat-expand.9268.read.1.tlog
f:\逆向从入门到改行\driver-9\driverutil7\driverutil7\x64\release\driverutil7.tlog\inf2cat-expand.9268.write.1.tlog
f:\逆向从入门到改行\driver-9\driverutil7\driverutil7\x64\release\driverutil7.tlog\inf2cat-expand.read.1.tlog
f:\逆向从入门到改行\driver-9\driverutil7\driverutil7\x64\release\driverutil7.tlog\inf2cat-expand.write.1.tlog
f:\逆向从入门到改行\driver-9\driverutil7\driverutil7\x64\release\driverutil7.tlog\inf2cat.command.1.tlog
f:\逆向从入门到改行\driver-9\driverutil7\driverutil7\x64\release\driverutil7.tlog\inf2cat.read.1.tlog
f:\逆向从入门到改行\driver-9\driverutil7\driverutil7\x64\release\driverutil7.tlog\inf2cat.write.1.tlog
f:\逆向从入门到改行\driver-9\driverutil7\driverutil7\x64\release\driverutil7.tlog\link.command.1.tlog
f:\逆向从入门到改行\driver-9\driverutil7\driverutil7\x64\release\driverutil7.tlog\link.read.1.tlog
f:\逆向从入门到改行\driver-9\driverutil7\driverutil7\x64\release\driverutil7.tlog\link.write.1.tlog
f:\逆向从入门到改行\driver-9\driverutil7\driverutil7\x64\release\driverutil7.tlog\signtool.command.1.tlog
f:\逆向从入门到改行\driver-9\driverutil7\driverutil7\x64\release\driverutil7.tlog\signtool.read.1.tlog
f:\逆向从入门到改行\driver-9\driverutil7\driverutil7\x64\release\driverutil7.tlog\signtool.timestamp.1.tlog
f:\逆向从入门到改行\driver-9\driverutil7\driverutil7\x64\release\driverutil7.tlog\signtool.write.1.tlog
f:\逆向从入门到改行\driver-9\driverutil7\driverutil7\x64\release\driverutil7.tlog\stampinf.command.1.tlog
f:\逆向从入门到改行\driver-9\driverutil7\driverutil7\x64\release\driverutil7.tlog\stampinf.read.1.tlog
f:\逆向从入门到改行\driver-9\driverutil7\driverutil7\x64\release\driverutil7.tlog\stampinf.write.1.tlog
