f:\逆向从入门到改行\driver-8\driverutil6\driverutil6\x64\release\vc140.pdb
f:\逆向从入门到改行\driver-8\driverutil6\driverutil6\x64\release\winx.obj
f:\逆向从入门到改行\driver-8\driverutil6\driverutil6\x64\release\util_version.obj
f:\逆向从入门到改行\driver-8\driverutil6\driverutil6\x64\release\util_idt.obj
f:\逆向从入门到改行\driver-8\driverutil6\driverutil6\x64\release\typeinfo.obj
f:\逆向从入门到改行\driver-8\driverutil6\driverutil6\x64\release\test_util.obj
f:\逆向从入门到改行\driver-8\driverutil6\driverutil6\x64\release\stdcpp.obj
f:\逆向从入门到改行\driver-8\driverutil6\driverutil6\x64\release\patchguardpatch.obj
f:\逆向从入门到改行\driver-8\driverutil6\driverutil6\x64\release\nt_patchguard.obj
f:\逆向从入门到改行\driver-8\driverutil6\driverutil6\x64\release\ntreg.obj
f:\逆向从入门到改行\driver-8\driverutil6\driverutil6\x64\release\ntos_util.obj
f:\逆向从入门到改行\driver-8\driverutil6\driverutil6\x64\release\ntfile.obj
f:\逆向从入门到改行\driver-8\driverutil6\driverutil6\x64\release\mem_util.obj
f:\逆向从入门到改行\driver-8\driverutil6\driverutil6\x64\release\main.obj
f:\逆向从入门到改行\driver-8\driverutil6\driverutil6\x64\release\log.obj
f:\逆向从入门到改行\driver-8\driverutil6\driverutil6\x64\release\kernel_stl.obj
f:\逆向从入门到改行\driver-8\driverutil6\driverutil6\x64\release\hookx64.obj
f:\逆向从入门到改行\driver-8\driverutil6\driverutil6\x64\release\fnparse.obj
f:\逆向从入门到改行\driver-8\driverutil6\driverutil6\x64\release\driver.obj
f:\逆向从入门到改行\driver-8\driverutil6\driverutil6\x64\release\distorm3.obj
f:\逆向从入门到改行\driver-8\driverutil6\driverutil6\x64\release\device.obj
f:\逆向从入门到改行\driver-8\driverutil6\driverutil6\x64\release\write_jmp.obj
f:\逆向从入门到改行\driver-8\driverutil6\driverutil6\x64\release\idthook.obj
f:\逆向从入门到改行\driver-8\driverutil6\driverutil6\x64\release\pgdisable.obj
f:\逆向从入门到改行\driver-8\driverutil6\driverutil6\x64\release\pgdisablehooker.obj
f:\逆向从入门到改行\driver-8\driverutil6\x64\release\driverutil6\mydriver.cat
f:\逆向从入门到改行\driver-8\driverutil6\x64\release\driverutil6.sys
c:\symbols\driverutil6.pdb
f:\逆向从入门到改行\driver-8\driverutil6\driverutil6\x64\release\mydriver.inf
f:\逆向从入门到改行\driver-8\driverutil6\x64\release\driverutil6.cer
f:\逆向从入门到改行\driver-8\driverutil6\driverutil6\x64\release\driverutil6.tlog\cl.command.1.tlog
f:\逆向从入门到改行\driver-8\driverutil6\driverutil6\x64\release\driverutil6.tlog\cl.read.1.tlog
f:\逆向从入门到改行\driver-8\driverutil6\driverutil6\x64\release\driverutil6.tlog\cl.write.1.tlog
f:\逆向从入门到改行\driver-8\driverutil6\driverutil6\x64\release\driverutil6.tlog\driverutil6.write.1u.tlog
f:\逆向从入门到改行\driver-8\driverutil6\driverutil6\x64\release\driverutil6.tlog\inf2cat-expand.10144.read.1.tlog
f:\逆向从入门到改行\driver-8\driverutil6\driverutil6\x64\release\driverutil6.tlog\inf2cat-expand.10144.write.1.tlog
f:\逆向从入门到改行\driver-8\driverutil6\driverutil6\x64\release\driverutil6.tlog\inf2cat-expand.10612.read.1.tlog
f:\逆向从入门到改行\driver-8\driverutil6\driverutil6\x64\release\driverutil6.tlog\inf2cat-expand.10612.write.1.tlog
f:\逆向从入门到改行\driver-8\driverutil6\driverutil6\x64\release\driverutil6.tlog\inf2cat-expand.10760.read.1.tlog
f:\逆向从入门到改行\driver-8\driverutil6\driverutil6\x64\release\driverutil6.tlog\inf2cat-expand.10760.write.1.tlog
f:\逆向从入门到改行\driver-8\driverutil6\driverutil6\x64\release\driverutil6.tlog\inf2cat-expand.11388.read.1.tlog
f:\逆向从入门到改行\driver-8\driverutil6\driverutil6\x64\release\driverutil6.tlog\inf2cat-expand.11388.write.1.tlog
f:\逆向从入门到改行\driver-8\driverutil6\driverutil6\x64\release\driverutil6.tlog\inf2cat-expand.12456.read.1.tlog
f:\逆向从入门到改行\driver-8\driverutil6\driverutil6\x64\release\driverutil6.tlog\inf2cat-expand.12456.write.1.tlog
f:\逆向从入门到改行\driver-8\driverutil6\driverutil6\x64\release\driverutil6.tlog\inf2cat-expand.12624.read.1.tlog
f:\逆向从入门到改行\driver-8\driverutil6\driverutil6\x64\release\driverutil6.tlog\inf2cat-expand.12624.write.1.tlog
f:\逆向从入门到改行\driver-8\driverutil6\driverutil6\x64\release\driverutil6.tlog\inf2cat-expand.12920.read.1.tlog
f:\逆向从入门到改行\driver-8\driverutil6\driverutil6\x64\release\driverutil6.tlog\inf2cat-expand.12920.write.1.tlog
f:\逆向从入门到改行\driver-8\driverutil6\driverutil6\x64\release\driverutil6.tlog\inf2cat-expand.14892.read.1.tlog
f:\逆向从入门到改行\driver-8\driverutil6\driverutil6\x64\release\driverutil6.tlog\inf2cat-expand.14892.write.1.tlog
f:\逆向从入门到改行\driver-8\driverutil6\driverutil6\x64\release\driverutil6.tlog\inf2cat-expand.15416.read.1.tlog
f:\逆向从入门到改行\driver-8\driverutil6\driverutil6\x64\release\driverutil6.tlog\inf2cat-expand.15416.write.1.tlog
f:\逆向从入门到改行\driver-8\driverutil6\driverutil6\x64\release\driverutil6.tlog\inf2cat-expand.15472.read.1.tlog
f:\逆向从入门到改行\driver-8\driverutil6\driverutil6\x64\release\driverutil6.tlog\inf2cat-expand.15472.write.1.tlog
f:\逆向从入门到改行\driver-8\driverutil6\driverutil6\x64\release\driverutil6.tlog\inf2cat-expand.16000.read.1.tlog
f:\逆向从入门到改行\driver-8\driverutil6\driverutil6\x64\release\driverutil6.tlog\inf2cat-expand.16000.write.1.tlog
f:\逆向从入门到改行\driver-8\driverutil6\driverutil6\x64\release\driverutil6.tlog\inf2cat-expand.16748.read.1.tlog
f:\逆向从入门到改行\driver-8\driverutil6\driverutil6\x64\release\driverutil6.tlog\inf2cat-expand.16748.write.1.tlog
f:\逆向从入门到改行\driver-8\driverutil6\driverutil6\x64\release\driverutil6.tlog\inf2cat-expand.16812.read.1.tlog
f:\逆向从入门到改行\driver-8\driverutil6\driverutil6\x64\release\driverutil6.tlog\inf2cat-expand.16812.write.1.tlog
f:\逆向从入门到改行\driver-8\driverutil6\driverutil6\x64\release\driverutil6.tlog\inf2cat-expand.16872.read.1.tlog
f:\逆向从入门到改行\driver-8\driverutil6\driverutil6\x64\release\driverutil6.tlog\inf2cat-expand.16872.write.1.tlog
f:\逆向从入门到改行\driver-8\driverutil6\driverutil6\x64\release\driverutil6.tlog\inf2cat-expand.17320.read.1.tlog
f:\逆向从入门到改行\driver-8\driverutil6\driverutil6\x64\release\driverutil6.tlog\inf2cat-expand.17320.write.1.tlog
f:\逆向从入门到改行\driver-8\driverutil6\driverutil6\x64\release\driverutil6.tlog\inf2cat-expand.17596.read.1.tlog
f:\逆向从入门到改行\driver-8\driverutil6\driverutil6\x64\release\driverutil6.tlog\inf2cat-expand.17596.write.1.tlog
f:\逆向从入门到改行\driver-8\driverutil6\driverutil6\x64\release\driverutil6.tlog\inf2cat-expand.17992.read.1.tlog
f:\逆向从入门到改行\driver-8\driverutil6\driverutil6\x64\release\driverutil6.tlog\inf2cat-expand.17992.write.1.tlog
f:\逆向从入门到改行\driver-8\driverutil6\driverutil6\x64\release\driverutil6.tlog\inf2cat-expand.18172.read.1.tlog
f:\逆向从入门到改行\driver-8\driverutil6\driverutil6\x64\release\driverutil6.tlog\inf2cat-expand.18172.write.1.tlog
f:\逆向从入门到改行\driver-8\driverutil6\driverutil6\x64\release\driverutil6.tlog\inf2cat-expand.18352.read.1.tlog
f:\逆向从入门到改行\driver-8\driverutil6\driverutil6\x64\release\driverutil6.tlog\inf2cat-expand.18352.write.1.tlog
f:\逆向从入门到改行\driver-8\driverutil6\driverutil6\x64\release\driverutil6.tlog\inf2cat-expand.18708.read.1.tlog
f:\逆向从入门到改行\driver-8\driverutil6\driverutil6\x64\release\driverutil6.tlog\inf2cat-expand.18708.write.1.tlog
f:\逆向从入门到改行\driver-8\driverutil6\driverutil6\x64\release\driverutil6.tlog\inf2cat-expand.19000.read.1.tlog
f:\逆向从入门到改行\driver-8\driverutil6\driverutil6\x64\release\driverutil6.tlog\inf2cat-expand.19000.write.1.tlog
f:\逆向从入门到改行\driver-8\driverutil6\driverutil6\x64\release\driverutil6.tlog\inf2cat-expand.19200.read.1.tlog
f:\逆向从入门到改行\driver-8\driverutil6\driverutil6\x64\release\driverutil6.tlog\inf2cat-expand.19200.write.1.tlog
f:\逆向从入门到改行\driver-8\driverutil6\driverutil6\x64\release\driverutil6.tlog\inf2cat-expand.19284.read.1.tlog
f:\逆向从入门到改行\driver-8\driverutil6\driverutil6\x64\release\driverutil6.tlog\inf2cat-expand.19284.write.1.tlog
f:\逆向从入门到改行\driver-8\driverutil6\driverutil6\x64\release\driverutil6.tlog\inf2cat-expand.19380.read.1.tlog
f:\逆向从入门到改行\driver-8\driverutil6\driverutil6\x64\release\driverutil6.tlog\inf2cat-expand.19380.write.1.tlog
f:\逆向从入门到改行\driver-8\driverutil6\driverutil6\x64\release\driverutil6.tlog\inf2cat-expand.19748.read.1.tlog
f:\逆向从入门到改行\driver-8\driverutil6\driverutil6\x64\release\driverutil6.tlog\inf2cat-expand.19748.write.1.tlog
f:\逆向从入门到改行\driver-8\driverutil6\driverutil6\x64\release\driverutil6.tlog\inf2cat-expand.20032.read.1.tlog
f:\逆向从入门到改行\driver-8\driverutil6\driverutil6\x64\release\driverutil6.tlog\inf2cat-expand.20032.write.1.tlog
f:\逆向从入门到改行\driver-8\driverutil6\driverutil6\x64\release\driverutil6.tlog\inf2cat-expand.2016.read.1.tlog
f:\逆向从入门到改行\driver-8\driverutil6\driverutil6\x64\release\driverutil6.tlog\inf2cat-expand.2016.write.1.tlog
f:\逆向从入门到改行\driver-8\driverutil6\driverutil6\x64\release\driverutil6.tlog\inf2cat-expand.20240.read.1.tlog
f:\逆向从入门到改行\driver-8\driverutil6\driverutil6\x64\release\driverutil6.tlog\inf2cat-expand.20240.write.1.tlog
f:\逆向从入门到改行\driver-8\driverutil6\driverutil6\x64\release\driverutil6.tlog\inf2cat-expand.20540.read.1.tlog
f:\逆向从入门到改行\driver-8\driverutil6\driverutil6\x64\release\driverutil6.tlog\inf2cat-expand.20540.write.1.tlog
f:\逆向从入门到改行\driver-8\driverutil6\driverutil6\x64\release\driverutil6.tlog\inf2cat-expand.20632.read.1.tlog
f:\逆向从入门到改行\driver-8\driverutil6\driverutil6\x64\release\driverutil6.tlog\inf2cat-expand.20632.write.1.tlog
f:\逆向从入门到改行\driver-8\driverutil6\driverutil6\x64\release\driverutil6.tlog\inf2cat-expand.20684.read.1.tlog
f:\逆向从入门到改行\driver-8\driverutil6\driverutil6\x64\release\driverutil6.tlog\inf2cat-expand.20684.write.1.tlog
f:\逆向从入门到改行\driver-8\driverutil6\driverutil6\x64\release\driverutil6.tlog\inf2cat-expand.20716.read.1.tlog
f:\逆向从入门到改行\driver-8\driverutil6\driverutil6\x64\release\driverutil6.tlog\inf2cat-expand.20716.write.1.tlog
f:\逆向从入门到改行\driver-8\driverutil6\driverutil6\x64\release\driverutil6.tlog\inf2cat-expand.20896.read.1.tlog
f:\逆向从入门到改行\driver-8\driverutil6\driverutil6\x64\release\driverutil6.tlog\inf2cat-expand.20896.write.1.tlog
f:\逆向从入门到改行\driver-8\driverutil6\driverutil6\x64\release\driverutil6.tlog\inf2cat-expand.21096.read.1.tlog
f:\逆向从入门到改行\driver-8\driverutil6\driverutil6\x64\release\driverutil6.tlog\inf2cat-expand.21096.write.1.tlog
f:\逆向从入门到改行\driver-8\driverutil6\driverutil6\x64\release\driverutil6.tlog\inf2cat-expand.21404.read.1.tlog
f:\逆向从入门到改行\driver-8\driverutil6\driverutil6\x64\release\driverutil6.tlog\inf2cat-expand.21404.write.1.tlog
f:\逆向从入门到改行\driver-8\driverutil6\driverutil6\x64\release\driverutil6.tlog\inf2cat-expand.21760.read.1.tlog
f:\逆向从入门到改行\driver-8\driverutil6\driverutil6\x64\release\driverutil6.tlog\inf2cat-expand.21760.write.1.tlog
f:\逆向从入门到改行\driver-8\driverutil6\driverutil6\x64\release\driverutil6.tlog\inf2cat-expand.22116.read.1.tlog
f:\逆向从入门到改行\driver-8\driverutil6\driverutil6\x64\release\driverutil6.tlog\inf2cat-expand.22116.write.1.tlog
f:\逆向从入门到改行\driver-8\driverutil6\driverutil6\x64\release\driverutil6.tlog\inf2cat-expand.2252.read.1.tlog
f:\逆向从入门到改行\driver-8\driverutil6\driverutil6\x64\release\driverutil6.tlog\inf2cat-expand.2252.write.1.tlog
f:\逆向从入门到改行\driver-8\driverutil6\driverutil6\x64\release\driverutil6.tlog\inf2cat-expand.22752.read.1.tlog
f:\逆向从入门到改行\driver-8\driverutil6\driverutil6\x64\release\driverutil6.tlog\inf2cat-expand.22752.write.1.tlog
f:\逆向从入门到改行\driver-8\driverutil6\driverutil6\x64\release\driverutil6.tlog\inf2cat-expand.22992.read.1.tlog
f:\逆向从入门到改行\driver-8\driverutil6\driverutil6\x64\release\driverutil6.tlog\inf2cat-expand.22992.write.1.tlog
f:\逆向从入门到改行\driver-8\driverutil6\driverutil6\x64\release\driverutil6.tlog\inf2cat-expand.23164.read.1.tlog
f:\逆向从入门到改行\driver-8\driverutil6\driverutil6\x64\release\driverutil6.tlog\inf2cat-expand.23164.write.1.tlog
f:\逆向从入门到改行\driver-8\driverutil6\driverutil6\x64\release\driverutil6.tlog\inf2cat-expand.23428.read.1.tlog
f:\逆向从入门到改行\driver-8\driverutil6\driverutil6\x64\release\driverutil6.tlog\inf2cat-expand.23428.write.1.tlog
f:\逆向从入门到改行\driver-8\driverutil6\driverutil6\x64\release\driverutil6.tlog\inf2cat-expand.23540.read.1.tlog
f:\逆向从入门到改行\driver-8\driverutil6\driverutil6\x64\release\driverutil6.tlog\inf2cat-expand.23540.write.1.tlog
f:\逆向从入门到改行\driver-8\driverutil6\driverutil6\x64\release\driverutil6.tlog\inf2cat-expand.23688.read.1.tlog
f:\逆向从入门到改行\driver-8\driverutil6\driverutil6\x64\release\driverutil6.tlog\inf2cat-expand.23688.write.1.tlog
f:\逆向从入门到改行\driver-8\driverutil6\driverutil6\x64\release\driverutil6.tlog\inf2cat-expand.24012.read.1.tlog
f:\逆向从入门到改行\driver-8\driverutil6\driverutil6\x64\release\driverutil6.tlog\inf2cat-expand.24012.write.1.tlog
f:\逆向从入门到改行\driver-8\driverutil6\driverutil6\x64\release\driverutil6.tlog\inf2cat-expand.24488.read.1.tlog
f:\逆向从入门到改行\driver-8\driverutil6\driverutil6\x64\release\driverutil6.tlog\inf2cat-expand.24488.write.1.tlog
f:\逆向从入门到改行\driver-8\driverutil6\driverutil6\x64\release\driverutil6.tlog\inf2cat-expand.24620.read.1.tlog
f:\逆向从入门到改行\driver-8\driverutil6\driverutil6\x64\release\driverutil6.tlog\inf2cat-expand.24620.write.1.tlog
f:\逆向从入门到改行\driver-8\driverutil6\driverutil6\x64\release\driverutil6.tlog\inf2cat-expand.25020.read.1.tlog
f:\逆向从入门到改行\driver-8\driverutil6\driverutil6\x64\release\driverutil6.tlog\inf2cat-expand.25020.write.1.tlog
f:\逆向从入门到改行\driver-8\driverutil6\driverutil6\x64\release\driverutil6.tlog\inf2cat-expand.25080.read.1.tlog
f:\逆向从入门到改行\driver-8\driverutil6\driverutil6\x64\release\driverutil6.tlog\inf2cat-expand.25080.write.1.tlog
f:\逆向从入门到改行\driver-8\driverutil6\driverutil6\x64\release\driverutil6.tlog\inf2cat-expand.25124.read.1.tlog
f:\逆向从入门到改行\driver-8\driverutil6\driverutil6\x64\release\driverutil6.tlog\inf2cat-expand.25124.write.1.tlog
f:\逆向从入门到改行\driver-8\driverutil6\driverutil6\x64\release\driverutil6.tlog\inf2cat-expand.25284.read.1.tlog
f:\逆向从入门到改行\driver-8\driverutil6\driverutil6\x64\release\driverutil6.tlog\inf2cat-expand.25284.write.1.tlog
f:\逆向从入门到改行\driver-8\driverutil6\driverutil6\x64\release\driverutil6.tlog\inf2cat-expand.25460.read.1.tlog
f:\逆向从入门到改行\driver-8\driverutil6\driverutil6\x64\release\driverutil6.tlog\inf2cat-expand.25460.write.1.tlog
f:\逆向从入门到改行\driver-8\driverutil6\driverutil6\x64\release\driverutil6.tlog\inf2cat-expand.25588.read.1.tlog
f:\逆向从入门到改行\driver-8\driverutil6\driverutil6\x64\release\driverutil6.tlog\inf2cat-expand.25588.write.1.tlog
f:\逆向从入门到改行\driver-8\driverutil6\driverutil6\x64\release\driverutil6.tlog\inf2cat-expand.25668.read.1.tlog
f:\逆向从入门到改行\driver-8\driverutil6\driverutil6\x64\release\driverutil6.tlog\inf2cat-expand.25668.write.1.tlog
f:\逆向从入门到改行\driver-8\driverutil6\driverutil6\x64\release\driverutil6.tlog\inf2cat-expand.25680.read.1.tlog
f:\逆向从入门到改行\driver-8\driverutil6\driverutil6\x64\release\driverutil6.tlog\inf2cat-expand.25680.write.1.tlog
f:\逆向从入门到改行\driver-8\driverutil6\driverutil6\x64\release\driverutil6.tlog\inf2cat-expand.25808.read.1.tlog
f:\逆向从入门到改行\driver-8\driverutil6\driverutil6\x64\release\driverutil6.tlog\inf2cat-expand.25808.write.1.tlog
f:\逆向从入门到改行\driver-8\driverutil6\driverutil6\x64\release\driverutil6.tlog\inf2cat-expand.26132.read.1.tlog
f:\逆向从入门到改行\driver-8\driverutil6\driverutil6\x64\release\driverutil6.tlog\inf2cat-expand.26132.write.1.tlog
f:\逆向从入门到改行\driver-8\driverutil6\driverutil6\x64\release\driverutil6.tlog\inf2cat-expand.26204.read.1.tlog
f:\逆向从入门到改行\driver-8\driverutil6\driverutil6\x64\release\driverutil6.tlog\inf2cat-expand.26204.write.1.tlog
f:\逆向从入门到改行\driver-8\driverutil6\driverutil6\x64\release\driverutil6.tlog\inf2cat-expand.26516.read.1.tlog
f:\逆向从入门到改行\driver-8\driverutil6\driverutil6\x64\release\driverutil6.tlog\inf2cat-expand.26516.write.1.tlog
f:\逆向从入门到改行\driver-8\driverutil6\driverutil6\x64\release\driverutil6.tlog\inf2cat-expand.26744.read.1.tlog
f:\逆向从入门到改行\driver-8\driverutil6\driverutil6\x64\release\driverutil6.tlog\inf2cat-expand.26744.write.1.tlog
f:\逆向从入门到改行\driver-8\driverutil6\driverutil6\x64\release\driverutil6.tlog\inf2cat-expand.26800.read.1.tlog
f:\逆向从入门到改行\driver-8\driverutil6\driverutil6\x64\release\driverutil6.tlog\inf2cat-expand.26800.write.1.tlog
f:\逆向从入门到改行\driver-8\driverutil6\driverutil6\x64\release\driverutil6.tlog\inf2cat-expand.26876.read.1.tlog
f:\逆向从入门到改行\driver-8\driverutil6\driverutil6\x64\release\driverutil6.tlog\inf2cat-expand.26876.write.1.tlog
f:\逆向从入门到改行\driver-8\driverutil6\driverutil6\x64\release\driverutil6.tlog\inf2cat-expand.27320.read.1.tlog
f:\逆向从入门到改行\driver-8\driverutil6\driverutil6\x64\release\driverutil6.tlog\inf2cat-expand.27320.write.1.tlog
f:\逆向从入门到改行\driver-8\driverutil6\driverutil6\x64\release\driverutil6.tlog\inf2cat-expand.27336.read.1.tlog
f:\逆向从入门到改行\driver-8\driverutil6\driverutil6\x64\release\driverutil6.tlog\inf2cat-expand.27336.write.1.tlog
f:\逆向从入门到改行\driver-8\driverutil6\driverutil6\x64\release\driverutil6.tlog\inf2cat-expand.27424.read.1.tlog
f:\逆向从入门到改行\driver-8\driverutil6\driverutil6\x64\release\driverutil6.tlog\inf2cat-expand.27424.write.1.tlog
f:\逆向从入门到改行\driver-8\driverutil6\driverutil6\x64\release\driverutil6.tlog\inf2cat-expand.3080.read.1.tlog
f:\逆向从入门到改行\driver-8\driverutil6\driverutil6\x64\release\driverutil6.tlog\inf2cat-expand.3080.write.1.tlog
f:\逆向从入门到改行\driver-8\driverutil6\driverutil6\x64\release\driverutil6.tlog\inf2cat-expand.4576.read.1.tlog
f:\逆向从入门到改行\driver-8\driverutil6\driverutil6\x64\release\driverutil6.tlog\inf2cat-expand.4576.write.1.tlog
f:\逆向从入门到改行\driver-8\driverutil6\driverutil6\x64\release\driverutil6.tlog\inf2cat-expand.4764.read.1.tlog
f:\逆向从入门到改行\driver-8\driverutil6\driverutil6\x64\release\driverutil6.tlog\inf2cat-expand.4764.write.1.tlog
f:\逆向从入门到改行\driver-8\driverutil6\driverutil6\x64\release\driverutil6.tlog\inf2cat-expand.5412.read.1.tlog
f:\逆向从入门到改行\driver-8\driverutil6\driverutil6\x64\release\driverutil6.tlog\inf2cat-expand.5412.write.1.tlog
f:\逆向从入门到改行\driver-8\driverutil6\driverutil6\x64\release\driverutil6.tlog\inf2cat-expand.6248.read.1.tlog
f:\逆向从入门到改行\driver-8\driverutil6\driverutil6\x64\release\driverutil6.tlog\inf2cat-expand.6248.write.1.tlog
f:\逆向从入门到改行\driver-8\driverutil6\driverutil6\x64\release\driverutil6.tlog\inf2cat-expand.6960.read.1.tlog
f:\逆向从入门到改行\driver-8\driverutil6\driverutil6\x64\release\driverutil6.tlog\inf2cat-expand.6960.write.1.tlog
f:\逆向从入门到改行\driver-8\driverutil6\driverutil6\x64\release\driverutil6.tlog\inf2cat-expand.7108.read.1.tlog
f:\逆向从入门到改行\driver-8\driverutil6\driverutil6\x64\release\driverutil6.tlog\inf2cat-expand.7108.write.1.tlog
f:\逆向从入门到改行\driver-8\driverutil6\driverutil6\x64\release\driverutil6.tlog\inf2cat-expand.8500.read.1.tlog
f:\逆向从入门到改行\driver-8\driverutil6\driverutil6\x64\release\driverutil6.tlog\inf2cat-expand.8500.write.1.tlog
f:\逆向从入门到改行\driver-8\driverutil6\driverutil6\x64\release\driverutil6.tlog\inf2cat-expand.8516.read.1.tlog
f:\逆向从入门到改行\driver-8\driverutil6\driverutil6\x64\release\driverutil6.tlog\inf2cat-expand.8516.write.1.tlog
f:\逆向从入门到改行\driver-8\driverutil6\driverutil6\x64\release\driverutil6.tlog\inf2cat-expand.8612.read.1.tlog
f:\逆向从入门到改行\driver-8\driverutil6\driverutil6\x64\release\driverutil6.tlog\inf2cat-expand.8612.write.1.tlog
f:\逆向从入门到改行\driver-8\driverutil6\driverutil6\x64\release\driverutil6.tlog\inf2cat-expand.8864.read.1.tlog
f:\逆向从入门到改行\driver-8\driverutil6\driverutil6\x64\release\driverutil6.tlog\inf2cat-expand.8864.write.1.tlog
f:\逆向从入门到改行\driver-8\driverutil6\driverutil6\x64\release\driverutil6.tlog\inf2cat-expand.9912.read.1.tlog
f:\逆向从入门到改行\driver-8\driverutil6\driverutil6\x64\release\driverutil6.tlog\inf2cat-expand.9912.write.1.tlog
f:\逆向从入门到改行\driver-8\driverutil6\driverutil6\x64\release\driverutil6.tlog\inf2cat-expand.read.1.tlog
f:\逆向从入门到改行\driver-8\driverutil6\driverutil6\x64\release\driverutil6.tlog\inf2cat-expand.write.1.tlog
f:\逆向从入门到改行\driver-8\driverutil6\driverutil6\x64\release\driverutil6.tlog\inf2cat.command.1.tlog
f:\逆向从入门到改行\driver-8\driverutil6\driverutil6\x64\release\driverutil6.tlog\inf2cat.read.1.tlog
f:\逆向从入门到改行\driver-8\driverutil6\driverutil6\x64\release\driverutil6.tlog\inf2cat.write.1.tlog
f:\逆向从入门到改行\driver-8\driverutil6\driverutil6\x64\release\driverutil6.tlog\link.command.1.tlog
f:\逆向从入门到改行\driver-8\driverutil6\driverutil6\x64\release\driverutil6.tlog\link.read.1.tlog
f:\逆向从入门到改行\driver-8\driverutil6\driverutil6\x64\release\driverutil6.tlog\link.write.1.tlog
f:\逆向从入门到改行\driver-8\driverutil6\driverutil6\x64\release\driverutil6.tlog\signtool.command.1.tlog
f:\逆向从入门到改行\driver-8\driverutil6\driverutil6\x64\release\driverutil6.tlog\signtool.read.1.tlog
f:\逆向从入门到改行\driver-8\driverutil6\driverutil6\x64\release\driverutil6.tlog\signtool.timestamp.1.tlog
f:\逆向从入门到改行\driver-8\driverutil6\driverutil6\x64\release\driverutil6.tlog\signtool.write.1.tlog
f:\逆向从入门到改行\driver-8\driverutil6\driverutil6\x64\release\driverutil6.tlog\stampinf.command.1.tlog
f:\逆向从入门到改行\driver-8\driverutil6\driverutil6\x64\release\driverutil6.tlog\stampinf.read.1.tlog
f:\逆向从入门到改行\driver-8\driverutil6\driverutil6\x64\release\driverutil6.tlog\stampinf.write.1.tlog
