f:\逆向从入门到改行\driver-2\device\device\x64\release\vc140.pdb
f:\逆向从入门到改行\driver-2\device\device\x64\release\stdcpp.obj
f:\逆向从入门到改行\driver-2\device\device\x64\release\main.obj
f:\逆向从入门到改行\driver-2\device\device\x64\release\kernel_stl.obj
f:\逆向从入门到改行\driver-2\device\device\x64\release\driver.obj
f:\逆向从入门到改行\driver-2\device\device\x64\release\device.obj
f:\逆向从入门到改行\driver-2\device\device\x64\release\typeinfo.obj
f:\逆向从入门到改行\driver-2\device\x64\release\device.sys
f:\逆向从入门到改行\driver-2\device\x64\release\device.pdb
f:\逆向从入门到改行\driver-2\device\x64\release\device\mydriver.cat
f:\逆向从入门到改行\driver-2\device\device\x64\release\mydriver.inf
f:\逆向从入门到改行\driver-2\device\x64\release\device.cer
f:\逆向从入门到改行\driver-2\device\device\x64\release\device.tlog\cl.command.1.tlog
f:\逆向从入门到改行\driver-2\device\device\x64\release\device.tlog\cl.read.1.tlog
f:\逆向从入门到改行\driver-2\device\device\x64\release\device.tlog\cl.write.1.tlog
f:\逆向从入门到改行\driver-2\device\device\x64\release\device.tlog\inf2cat-expand.10044.read.1.tlog
f:\逆向从入门到改行\driver-2\device\device\x64\release\device.tlog\inf2cat-expand.10044.write.1.tlog
f:\逆向从入门到改行\driver-2\device\device\x64\release\device.tlog\inf2cat-expand.10320.read.1.tlog
f:\逆向从入门到改行\driver-2\device\device\x64\release\device.tlog\inf2cat-expand.10320.write.1.tlog
f:\逆向从入门到改行\driver-2\device\device\x64\release\device.tlog\inf2cat-expand.10592.read.1.tlog
f:\逆向从入门到改行\driver-2\device\device\x64\release\device.tlog\inf2cat-expand.10592.write.1.tlog
f:\逆向从入门到改行\driver-2\device\device\x64\release\device.tlog\inf2cat-expand.10704.read.1.tlog
f:\逆向从入门到改行\driver-2\device\device\x64\release\device.tlog\inf2cat-expand.10704.write.1.tlog
f:\逆向从入门到改行\driver-2\device\device\x64\release\device.tlog\inf2cat-expand.10708.read.1.tlog
f:\逆向从入门到改行\driver-2\device\device\x64\release\device.tlog\inf2cat-expand.10708.write.1.tlog
f:\逆向从入门到改行\driver-2\device\device\x64\release\device.tlog\inf2cat-expand.11416.read.1.tlog
f:\逆向从入门到改行\driver-2\device\device\x64\release\device.tlog\inf2cat-expand.11416.write.1.tlog
f:\逆向从入门到改行\driver-2\device\device\x64\release\device.tlog\inf2cat-expand.11788.read.1.tlog
f:\逆向从入门到改行\driver-2\device\device\x64\release\device.tlog\inf2cat-expand.11788.write.1.tlog
f:\逆向从入门到改行\driver-2\device\device\x64\release\device.tlog\inf2cat-expand.11824.read.1.tlog
f:\逆向从入门到改行\driver-2\device\device\x64\release\device.tlog\inf2cat-expand.11824.write.1.tlog
f:\逆向从入门到改行\driver-2\device\device\x64\release\device.tlog\inf2cat-expand.12472.read.1.tlog
f:\逆向从入门到改行\driver-2\device\device\x64\release\device.tlog\inf2cat-expand.12472.write.1.tlog
f:\逆向从入门到改行\driver-2\device\device\x64\release\device.tlog\inf2cat-expand.13428.read.1.tlog
f:\逆向从入门到改行\driver-2\device\device\x64\release\device.tlog\inf2cat-expand.13428.write.1.tlog
f:\逆向从入门到改行\driver-2\device\device\x64\release\device.tlog\inf2cat-expand.13544.read.1.tlog
f:\逆向从入门到改行\driver-2\device\device\x64\release\device.tlog\inf2cat-expand.13544.write.1.tlog
f:\逆向从入门到改行\driver-2\device\device\x64\release\device.tlog\inf2cat-expand.13668.read.1.tlog
f:\逆向从入门到改行\driver-2\device\device\x64\release\device.tlog\inf2cat-expand.13668.write.1.tlog
f:\逆向从入门到改行\driver-2\device\device\x64\release\device.tlog\inf2cat-expand.1384.read.1.tlog
f:\逆向从入门到改行\driver-2\device\device\x64\release\device.tlog\inf2cat-expand.1384.write.1.tlog
f:\逆向从入门到改行\driver-2\device\device\x64\release\device.tlog\inf2cat-expand.13916.read.1.tlog
f:\逆向从入门到改行\driver-2\device\device\x64\release\device.tlog\inf2cat-expand.13916.write.1.tlog
f:\逆向从入门到改行\driver-2\device\device\x64\release\device.tlog\inf2cat-expand.15476.read.1.tlog
f:\逆向从入门到改行\driver-2\device\device\x64\release\device.tlog\inf2cat-expand.15476.write.1.tlog
f:\逆向从入门到改行\driver-2\device\device\x64\release\device.tlog\inf2cat-expand.18348.read.1.tlog
f:\逆向从入门到改行\driver-2\device\device\x64\release\device.tlog\inf2cat-expand.18348.write.1.tlog
f:\逆向从入门到改行\driver-2\device\device\x64\release\device.tlog\inf2cat-expand.19288.read.1.tlog
f:\逆向从入门到改行\driver-2\device\device\x64\release\device.tlog\inf2cat-expand.19288.write.1.tlog
f:\逆向从入门到改行\driver-2\device\device\x64\release\device.tlog\inf2cat-expand.19476.read.1.tlog
f:\逆向从入门到改行\driver-2\device\device\x64\release\device.tlog\inf2cat-expand.19476.write.1.tlog
f:\逆向从入门到改行\driver-2\device\device\x64\release\device.tlog\inf2cat-expand.26032.read.1.tlog
f:\逆向从入门到改行\driver-2\device\device\x64\release\device.tlog\inf2cat-expand.26032.write.1.tlog
f:\逆向从入门到改行\driver-2\device\device\x64\release\device.tlog\inf2cat-expand.2908.read.1.tlog
f:\逆向从入门到改行\driver-2\device\device\x64\release\device.tlog\inf2cat-expand.2908.write.1.tlog
f:\逆向从入门到改行\driver-2\device\device\x64\release\device.tlog\inf2cat-expand.29804.read.1.tlog
f:\逆向从入门到改行\driver-2\device\device\x64\release\device.tlog\inf2cat-expand.29804.write.1.tlog
f:\逆向从入门到改行\driver-2\device\device\x64\release\device.tlog\inf2cat-expand.30240.read.1.tlog
f:\逆向从入门到改行\driver-2\device\device\x64\release\device.tlog\inf2cat-expand.30240.write.1.tlog
f:\逆向从入门到改行\driver-2\device\device\x64\release\device.tlog\inf2cat-expand.3124.read.1.tlog
f:\逆向从入门到改行\driver-2\device\device\x64\release\device.tlog\inf2cat-expand.3124.write.1.tlog
f:\逆向从入门到改行\driver-2\device\device\x64\release\device.tlog\inf2cat-expand.31420.read.1.tlog
f:\逆向从入门到改行\driver-2\device\device\x64\release\device.tlog\inf2cat-expand.31420.write.1.tlog
f:\逆向从入门到改行\driver-2\device\device\x64\release\device.tlog\inf2cat-expand.32304.read.1.tlog
f:\逆向从入门到改行\driver-2\device\device\x64\release\device.tlog\inf2cat-expand.32304.write.1.tlog
f:\逆向从入门到改行\driver-2\device\device\x64\release\device.tlog\inf2cat-expand.33372.read.1.tlog
f:\逆向从入门到改行\driver-2\device\device\x64\release\device.tlog\inf2cat-expand.33372.write.1.tlog
f:\逆向从入门到改行\driver-2\device\device\x64\release\device.tlog\inf2cat-expand.33624.read.1.tlog
f:\逆向从入门到改行\driver-2\device\device\x64\release\device.tlog\inf2cat-expand.33624.write.1.tlog
f:\逆向从入门到改行\driver-2\device\device\x64\release\device.tlog\inf2cat-expand.35100.read.1.tlog
f:\逆向从入门到改行\driver-2\device\device\x64\release\device.tlog\inf2cat-expand.35100.write.1.tlog
f:\逆向从入门到改行\driver-2\device\device\x64\release\device.tlog\inf2cat-expand.42996.read.1.tlog
f:\逆向从入门到改行\driver-2\device\device\x64\release\device.tlog\inf2cat-expand.42996.write.1.tlog
f:\逆向从入门到改行\driver-2\device\device\x64\release\device.tlog\inf2cat-expand.43540.read.1.tlog
f:\逆向从入门到改行\driver-2\device\device\x64\release\device.tlog\inf2cat-expand.43540.write.1.tlog
f:\逆向从入门到改行\driver-2\device\device\x64\release\device.tlog\inf2cat-expand.47404.read.1.tlog
f:\逆向从入门到改行\driver-2\device\device\x64\release\device.tlog\inf2cat-expand.47404.write.1.tlog
f:\逆向从入门到改行\driver-2\device\device\x64\release\device.tlog\inf2cat-expand.47856.read.1.tlog
f:\逆向从入门到改行\driver-2\device\device\x64\release\device.tlog\inf2cat-expand.47856.write.1.tlog
f:\逆向从入门到改行\driver-2\device\device\x64\release\device.tlog\inf2cat-expand.48180.read.1.tlog
f:\逆向从入门到改行\driver-2\device\device\x64\release\device.tlog\inf2cat-expand.48180.write.1.tlog
f:\逆向从入门到改行\driver-2\device\device\x64\release\device.tlog\inf2cat-expand.49108.read.1.tlog
f:\逆向从入门到改行\driver-2\device\device\x64\release\device.tlog\inf2cat-expand.49108.write.1.tlog
f:\逆向从入门到改行\driver-2\device\device\x64\release\device.tlog\inf2cat-expand.51860.read.1.tlog
f:\逆向从入门到改行\driver-2\device\device\x64\release\device.tlog\inf2cat-expand.51860.write.1.tlog
f:\逆向从入门到改行\driver-2\device\device\x64\release\device.tlog\inf2cat-expand.52716.read.1.tlog
f:\逆向从入门到改行\driver-2\device\device\x64\release\device.tlog\inf2cat-expand.52716.write.1.tlog
f:\逆向从入门到改行\driver-2\device\device\x64\release\device.tlog\inf2cat-expand.52756.read.1.tlog
f:\逆向从入门到改行\driver-2\device\device\x64\release\device.tlog\inf2cat-expand.52756.write.1.tlog
f:\逆向从入门到改行\driver-2\device\device\x64\release\device.tlog\inf2cat-expand.53888.read.1.tlog
f:\逆向从入门到改行\driver-2\device\device\x64\release\device.tlog\inf2cat-expand.53888.write.1.tlog
f:\逆向从入门到改行\driver-2\device\device\x64\release\device.tlog\inf2cat-expand.54024.read.1.tlog
f:\逆向从入门到改行\driver-2\device\device\x64\release\device.tlog\inf2cat-expand.54024.write.1.tlog
f:\逆向从入门到改行\driver-2\device\device\x64\release\device.tlog\inf2cat-expand.54060.read.1.tlog
f:\逆向从入门到改行\driver-2\device\device\x64\release\device.tlog\inf2cat-expand.54060.write.1.tlog
f:\逆向从入门到改行\driver-2\device\device\x64\release\device.tlog\inf2cat-expand.56908.read.1.tlog
f:\逆向从入门到改行\driver-2\device\device\x64\release\device.tlog\inf2cat-expand.56908.write.1.tlog
f:\逆向从入门到改行\driver-2\device\device\x64\release\device.tlog\inf2cat-expand.57856.read.1.tlog
f:\逆向从入门到改行\driver-2\device\device\x64\release\device.tlog\inf2cat-expand.57856.write.1.tlog
f:\逆向从入门到改行\driver-2\device\device\x64\release\device.tlog\inf2cat-expand.59928.read.1.tlog
f:\逆向从入门到改行\driver-2\device\device\x64\release\device.tlog\inf2cat-expand.59928.write.1.tlog
f:\逆向从入门到改行\driver-2\device\device\x64\release\device.tlog\inf2cat-expand.60676.read.1.tlog
f:\逆向从入门到改行\driver-2\device\device\x64\release\device.tlog\inf2cat-expand.60676.write.1.tlog
f:\逆向从入门到改行\driver-2\device\device\x64\release\device.tlog\inf2cat-expand.62376.read.1.tlog
f:\逆向从入门到改行\driver-2\device\device\x64\release\device.tlog\inf2cat-expand.62376.write.1.tlog
f:\逆向从入门到改行\driver-2\device\device\x64\release\device.tlog\inf2cat-expand.63124.read.1.tlog
f:\逆向从入门到改行\driver-2\device\device\x64\release\device.tlog\inf2cat-expand.63124.write.1.tlog
f:\逆向从入门到改行\driver-2\device\device\x64\release\device.tlog\inf2cat-expand.6332.read.1.tlog
f:\逆向从入门到改行\driver-2\device\device\x64\release\device.tlog\inf2cat-expand.6332.write.1.tlog
f:\逆向从入门到改行\driver-2\device\device\x64\release\device.tlog\inf2cat-expand.63432.read.1.tlog
f:\逆向从入门到改行\driver-2\device\device\x64\release\device.tlog\inf2cat-expand.63432.write.1.tlog
f:\逆向从入门到改行\driver-2\device\device\x64\release\device.tlog\inf2cat-expand.6944.read.1.tlog
f:\逆向从入门到改行\driver-2\device\device\x64\release\device.tlog\inf2cat-expand.6944.write.1.tlog
f:\逆向从入门到改行\driver-2\device\device\x64\release\device.tlog\inf2cat-expand.7000.read.1.tlog
f:\逆向从入门到改行\driver-2\device\device\x64\release\device.tlog\inf2cat-expand.7000.write.1.tlog
f:\逆向从入门到改行\driver-2\device\device\x64\release\device.tlog\inf2cat-expand.7632.read.1.tlog
f:\逆向从入门到改行\driver-2\device\device\x64\release\device.tlog\inf2cat-expand.7632.write.1.tlog
f:\逆向从入门到改行\driver-2\device\device\x64\release\device.tlog\inf2cat-expand.8636.read.1.tlog
f:\逆向从入门到改行\driver-2\device\device\x64\release\device.tlog\inf2cat-expand.8636.write.1.tlog
f:\逆向从入门到改行\driver-2\device\device\x64\release\device.tlog\inf2cat-expand.8684.read.1.tlog
f:\逆向从入门到改行\driver-2\device\device\x64\release\device.tlog\inf2cat-expand.8684.write.1.tlog
f:\逆向从入门到改行\driver-2\device\device\x64\release\device.tlog\inf2cat-expand.9804.read.1.tlog
f:\逆向从入门到改行\driver-2\device\device\x64\release\device.tlog\inf2cat-expand.9804.write.1.tlog
f:\逆向从入门到改行\driver-2\device\device\x64\release\device.tlog\inf2cat-expand.9896.read.1.tlog
f:\逆向从入门到改行\driver-2\device\device\x64\release\device.tlog\inf2cat-expand.9896.write.1.tlog
f:\逆向从入门到改行\driver-2\device\device\x64\release\device.tlog\inf2cat-expand.read.1.tlog
f:\逆向从入门到改行\driver-2\device\device\x64\release\device.tlog\inf2cat-expand.write.1.tlog
f:\逆向从入门到改行\driver-2\device\device\x64\release\device.tlog\inf2cat.command.1.tlog
f:\逆向从入门到改行\driver-2\device\device\x64\release\device.tlog\inf2cat.read.1.tlog
f:\逆向从入门到改行\driver-2\device\device\x64\release\device.tlog\inf2cat.write.1.tlog
f:\逆向从入门到改行\driver-2\device\device\x64\release\device.tlog\link.command.1.tlog
f:\逆向从入门到改行\driver-2\device\device\x64\release\device.tlog\link.read.1.tlog
f:\逆向从入门到改行\driver-2\device\device\x64\release\device.tlog\link.write.1.tlog
f:\逆向从入门到改行\driver-2\device\device\x64\release\device.tlog\signtool.command.1.tlog
f:\逆向从入门到改行\driver-2\device\device\x64\release\device.tlog\signtool.read.1.tlog
f:\逆向从入门到改行\driver-2\device\device\x64\release\device.tlog\signtool.timestamp.1.tlog
f:\逆向从入门到改行\driver-2\device\device\x64\release\device.tlog\signtool.write.1.tlog
f:\逆向从入门到改行\driver-2\device\device\x64\release\device.tlog\stampinf.command.1.tlog
f:\逆向从入门到改行\driver-2\device\device\x64\release\device.tlog\stampinf.read.1.tlog
f:\逆向从入门到改行\driver-2\device\device\x64\release\device.tlog\stampinf.write.1.tlog
