f:\逆向从入门到改行\driver-5\driverutil3\driverutil3\x64\release\vc140.pdb
f:\逆向从入门到改行\driver-5\driverutil3\driverutil3\x64\release\typeinfo.obj
f:\逆向从入门到改行\driver-5\driverutil3\driverutil3\x64\release\stdcpp.obj
f:\逆向从入门到改行\driver-5\driverutil3\driverutil3\x64\release\ntreg.obj
f:\逆向从入门到改行\driver-5\driverutil3\driverutil3\x64\release\ntfile.obj
f:\逆向从入门到改行\driver-5\driverutil3\driverutil3\x64\release\main.obj
f:\逆向从入门到改行\driver-5\driverutil3\driverutil3\x64\release\kernel_stl.obj
f:\逆向从入门到改行\driver-5\driverutil3\driverutil3\x64\release\driver.obj
f:\逆向从入门到改行\driver-5\driverutil3\driverutil3\x64\release\device.obj
f:\逆向从入门到改行\driver-5\driverutil3\driverutil3\x64\release\util_version.obj
f:\逆向从入门到改行\driver-5\driverutil3\driverutil3\x64\release\mem_util.obj
f:\逆向从入门到改行\driver-5\driverutil3\driverutil3\x64\release\test_util.obj
f:\逆向从入门到改行\driver-5\driverutil3\x64\release\driverutil3\mydriver.cat
f:\逆向从入门到改行\driver-5\driverutil3\x64\release\driverutil3.sys
c:\symbols\driverutil3.pdb
f:\逆向从入门到改行\driver-5\driverutil3\driverutil3\x64\release\mydriver.inf
f:\逆向从入门到改行\driver-5\driverutil3\x64\release\driverutil3.cer
f:\逆向从入门到改行\driver-5\driverutil3\driverutil3\x64\release\driverutil3.tlog\cl.command.1.tlog
f:\逆向从入门到改行\driver-5\driverutil3\driverutil3\x64\release\driverutil3.tlog\cl.read.1.tlog
f:\逆向从入门到改行\driver-5\driverutil3\driverutil3\x64\release\driverutil3.tlog\cl.write.1.tlog
f:\逆向从入门到改行\driver-5\driverutil3\driverutil3\x64\release\driverutil3.tlog\inf2cat-expand.37876.read.1.tlog
f:\逆向从入门到改行\driver-5\driverutil3\driverutil3\x64\release\driverutil3.tlog\inf2cat-expand.37876.write.1.tlog
f:\逆向从入门到改行\driver-5\driverutil3\driverutil3\x64\release\driverutil3.tlog\inf2cat-expand.read.1.tlog
f:\逆向从入门到改行\driver-5\driverutil3\driverutil3\x64\release\driverutil3.tlog\inf2cat-expand.write.1.tlog
f:\逆向从入门到改行\driver-5\driverutil3\driverutil3\x64\release\driverutil3.tlog\inf2cat.command.1.tlog
f:\逆向从入门到改行\driver-5\driverutil3\driverutil3\x64\release\driverutil3.tlog\inf2cat.read.1.tlog
f:\逆向从入门到改行\driver-5\driverutil3\driverutil3\x64\release\driverutil3.tlog\inf2cat.write.1.tlog
f:\逆向从入门到改行\driver-5\driverutil3\driverutil3\x64\release\driverutil3.tlog\link.command.1.tlog
f:\逆向从入门到改行\driver-5\driverutil3\driverutil3\x64\release\driverutil3.tlog\link.read.1.tlog
f:\逆向从入门到改行\driver-5\driverutil3\driverutil3\x64\release\driverutil3.tlog\link.write.1.tlog
f:\逆向从入门到改行\driver-5\driverutil3\driverutil3\x64\release\driverutil3.tlog\signtool.command.1.tlog
f:\逆向从入门到改行\driver-5\driverutil3\driverutil3\x64\release\driverutil3.tlog\signtool.read.1.tlog
f:\逆向从入门到改行\driver-5\driverutil3\driverutil3\x64\release\driverutil3.tlog\signtool.timestamp.1.tlog
f:\逆向从入门到改行\driver-5\driverutil3\driverutil3\x64\release\driverutil3.tlog\signtool.write.1.tlog
f:\逆向从入门到改行\driver-5\driverutil3\driverutil3\x64\release\driverutil3.tlog\stampinf.command.1.tlog
f:\逆向从入门到改行\driver-5\driverutil3\driverutil3\x64\release\driverutil3.tlog\stampinf.read.1.tlog
f:\逆向从入门到改行\driver-5\driverutil3\driverutil3\x64\release\driverutil3.tlog\stampinf.write.1.tlog
